This file contains any messages produced by compilers while
running configure, to aid debugging if configure makes a mistake.

It was created by ccminer_CPU configure 3.8.3-4, which was
generated by GNU Autoconf 2.72.  Invocation command line was

  $ ./configure 'CXXFLAGS=-Rpass=missed-loop-vectorize -Rpass-analysis=loop-vectorize -funroll-loops -finline-functions -O3 -ffinite-loops -ffast-math -D_REENTRANT -falign-functions=16 -fomit-frame-pointer -fpic -pthread -flto -fuse-ld=lld -fno-stack-protector -march=armv7-a -mcpu=cortex-a15 -mtune=cortex-a7 -mfpu=neon-vfpv4 -mllvm -enable-loop-distribute' 'CFLAGS=-Rpass=missed-loop-vectorize -Rpass-analysis=loop-vectorize -funroll-loops -finline-functions -O3 -ffinite-loops -ffast-math -D_REENTRANT -falign-functions=16 -fomit-frame-pointer -fpic -pthread -flto -fuse-ld=lld -fno-stack-protector -march=armv7-a -mcpu=cortex-a15 -mtune=cortex-a7 -mfpu=neon-vfpv4 -mllvm -enable-loop-distribute' CXX=clang++ CC=clang 'LDFLAGS=-v -flto -Wl,-z,relro,-z,now' --host=armv7a-linux-android24

## --------- ##
## Platform. ##
## --------- ##

hostname = localhost
uname -m = armv7l
uname -r = 3.4.113-Deathly-1.0
uname -s = Linux
uname -v = #1 SMP PREEMPT Fri Jan 7 10:43:58 CST 2022

/usr/bin/uname -p = unknown
/bin/uname -X     = unknown

/bin/arch              = unknown
/usr/bin/arch -k       = unknown
/usr/convex/getsysinfo = unknown
/usr/bin/hostinfo      = unknown
/bin/machine           = unknown
/usr/bin/oslevel       = unknown
/bin/universe          = unknown

PATH: /data/data/com.termux/files/usr/bin/


## ----------- ##
## Core tests. ##
## ----------- ##

configure:2842: looking for aux files: compile missing install-sh config.guess config.sub
configure:2855:  trying ./
configure:2884:   ./compile found
configure:2884:   ./missing found
configure:2866:   ./install-sh found
configure:2884:   ./config.guess found
configure:2884:   ./config.sub found
configure:3005: checking build system type
configure:3021: result: armv7l-unknown-linux-gnueabi
configure:3041: checking host system type
configure:3056: result: armv7a-unknown-linux-android24
configure:3076: checking target system type
configure:3091: result: armv7a-unknown-linux-android24
configure:3136: checking for a BSD-compatible install
configure:3210: result: /data/data/com.termux/files/usr/bin/install -c
configure:3221: checking whether sleep supports fractional seconds
configure:3237: result: yes
configure:3240: checking filesystem timestamp resolution
configure:3375: result: 0.01
configure:3380: checking whether build environment is sane
configure:3421: result: yes
configure:3487: checking for armv7a-linux-android24-strip
configure:3523: result: no
configure:3533: checking for strip
configure:3554: found /data/data/com.termux/files/usr/bin/strip
configure:3566: result: strip
configure:3592: checking for a race-free mkdir -p
configure:3635: result: /data/data/com.termux/files/usr/bin/mkdir -p
configure:3642: checking for gawk
configure:3663: found /data/data/com.termux/files/usr/bin/gawk
configure:3675: result: gawk
configure:3686: checking whether make sets $(MAKE)
configure:3710: result: yes
configure:3736: checking whether make supports nested variables
configure:3755: result: yes
configure:3769: checking xargs -n works
configure:3785: result: yes
configure:3887: checking whether to enable maintainer-specific portions of Makefiles
configure:3898: result: no
configure:3925: checking whether make supports the include directive
configure:3940: make -f confmf.GNU && cat confinc.out
this is the am__doit target
configure:3943: $? = 0
configure:3962: result: yes (GNU style)
configure:3993: checking for armv7a-linux-android24-gcc
configure:4026: result: clang
configure:4431: checking for C compiler version
configure:4440: clang --version >&5
clang version 19.1.7
Target: armv7a-unknown-linux-android24
Thread model: posix
InstalledDir: /data/data/com.termux/files/usr/bin
configure:4474: checking whether the C compiler works
configure:4496: clang -Rpass=missed-loop-vectorize -Rpass-analysis=loop-vectorize -funroll-loops -finline-functions -O3 -ffinite-loops -ffast-math -D_REENTRANT -falign-functions=16 -fomit-frame-pointer -fpic -pthread -flto -fuse-ld=lld -fno-stack-protector -march=armv7-a -mcpu=cortex-a15 -mtune=cortex-a7 -mfpu=neon-vfpv4 -mllvm -enable-loop-distribute  -v -flto -Wl,-z,relro,-z,now conftest.c  >&5
clang version 19.1.7
Target: armv7a-unknown-linux-android24
Thread model: posix
InstalledDir: /data/data/com.termux/files/usr/bin
 "/data/data/com.termux/files/usr/bin/clang-19" -cc1 -triple armv7-unknown-linux-android24 -emit-llvm-bc -flto=full -flto-unit -dumpdir a- -disable-free -clear-ast-before-backend -disable-llvm-verifier -discard-value-names -main-file-name conftest.c -function-alignment 4 -mrelocation-model pic -pic-level 1 -fhalf-no-semantic-interposition -mframe-pointer=none -menable-no-infs -menable-no-nans -fapprox-func -funsafe-math-optimizations -fno-signed-zeros -mreassociate -freciprocal-math -ffp-contract=fast -fno-rounding-math -ffast-math -ffinite-math-only -complex-range=basic -mconstructor-aliases -target-cpu cortex-a15 -target-feature +soft-float-abi -target-feature -crc -target-feature -dotprod -target-feature +dsp -target-feature -mve -target-feature -mve.fp -target-feature -ras -target-feature -bf16 -target-feature -sb -target-feature -i8mm -target-feature -lob -target-feature -cdecp0 -target-feature -cdecp1 -target-feature -cdecp2 -target-feature -cdecp3 -target-feature -cdecp4 -target-feature -cdecp5 -target-feature -cdecp6 -target-feature -cdecp7 -target-feature -pacbti -target-feature +hwdiv-arm -target-feature +hwdiv -target-feature +vfp2 -target-feature +vfp2sp -target-feature +vfp3 -target-feature +vfp3d16 -target-feature +vfp3d16sp -target-feature +vfp3sp -target-feature +fp16 -target-feature +vfp4 -target-feature +vfp4d16 -target-feature +vfp4d16sp -target-feature +vfp4sp -target-feature -fp-armv8 -target-feature -fp-armv8d16 -target-feature -fp-armv8d16sp -target-feature -fp-armv8sp -target-feature -fullfp16 -target-feature +fp64 -target-feature +d32 -target-feature +neon -target-feature -fp16fml -target-feature -crypto -target-feature -sha2 -target-feature -aes -target-abi aapcs-linux -mfloat-abi soft -debugger-tuning=gdb -fdebug-compilation-dir=/data/data/com.termux/files/home/ccminer -v -fcoverage-compilation-dir=/data/data/com.termux/files/home/ccminer -resource-dir /data/data/com.termux/files/usr/lib/clang/19 -D _REENTRANT -isysroot /data/data/com.termux/files -internal-isystem /data/data/com.termux/files/usr/lib/clang/19/include -internal-isystem /data/data/com.termux/files/usr/local/include -internal-externc-isystem /data/data/com.termux/files/usr/include/arm-linux-androideabi -internal-externc-isystem /data/data/com.termux/files/include -internal-externc-isystem /data/data/com.termux/files/usr/include -O3 -Rpass=missed-loop-vectorize -Rpass-analysis=loop-vectorize -ferror-limit 19 -femulated-tls -ffinite-loops -funroll-loops -pthread -fno-signed-char -fgnuc-version=4.2.1 -finline-functions -fskip-odr-check-in-gmf -vectorize-loops -vectorize-slp -mllvm -enable-loop-distribute -o /data/data/com.termux/files/usr/tmp/conftest-ff6a1c.o -x c conftest.c
clang -cc1 version 19.1.7 based upon LLVM 19.1.7 default target armv7a-unknown-linux-androideabi24
ignoring nonexistent directory "/data/data/com.termux/files/usr/local/include"
ignoring nonexistent directory "/data/data/com.termux/files/include"
#include "..." search starts here:
#include <...> search starts here:
 /data/data/com.termux/files/usr/lib/clang/19/include
 /data/data/com.termux/files/usr/include/arm-linux-androideabi
 /data/data/com.termux/files/usr/include
End of search list.
 "/data/data/com.termux/files/usr/bin/ld.lld" --sysroot=/data/data/com.termux/files -EL -z now -z relro -z max-page-size=4096 -X --hash-style=gnu -rpath=/data/data/com.termux/files/usr/lib --eh-frame-hdr -m armelf_linux_eabi -pie -dynamic-linker /system/bin/linker -o a.out /data/data/com.termux/files/usr/lib/crtbegin_dynamic.o -L/data/data/com.termux/files/usr/lib -L/system/lib -plugin-opt=mcpu=cortex-a15 -plugin-opt=O3 -plugin-opt=-emulated-tls -plugin-opt=-pass-remarks=missed-loop-vectorize -plugin-opt=-pass-remarks-analysis=loop-vectorize -z relro -z now /data/data/com.termux/files/usr/tmp/conftest-ff6a1c.o /data/data/com.termux/files/usr/lib/clang/19/lib/linux/libclang_rt.builtins-arm-android.a -l:libunwind.a -ldl -lc /data/data/com.termux/files/usr/lib/clang/19/lib/linux/libclang_rt.builtins-arm-android.a -l:libunwind.a -ldl /data/data/com.termux/files/usr/lib/crtend_android.o
configure:4500: $? = 0
configure:4551: result: yes
configure:4555: checking for C compiler default output file name
configure:4557: result: a.out
configure:4563: checking for suffix of executables
configure:4570: clang -o conftest -Rpass=missed-loop-vectorize -Rpass-analysis=loop-vectorize -funroll-loops -finline-functions -O3 -ffinite-loops -ffast-math -D_REENTRANT -falign-functions=16 -fomit-frame-pointer -fpic -pthread -flto -fuse-ld=lld -fno-stack-protector -march=armv7-a -mcpu=cortex-a15 -mtune=cortex-a7 -mfpu=neon-vfpv4 -mllvm -enable-loop-distribute  -v -flto -Wl,-z,relro,-z,now conftest.c  >&5
clang version 19.1.7
Target: armv7a-unknown-linux-android24
Thread model: posix
InstalledDir: /data/data/com.termux/files/usr/bin
 "/data/data/com.termux/files/usr/bin/clang-19" -cc1 -triple armv7-unknown-linux-android24 -emit-llvm-bc -flto=full -flto-unit -dumpdir conftest- -disable-free -clear-ast-before-backend -disable-llvm-verifier -discard-value-names -main-file-name conftest.c -function-alignment 4 -mrelocation-model pic -pic-level 1 -fhalf-no-semantic-interposition -mframe-pointer=none -menable-no-infs -menable-no-nans -fapprox-func -funsafe-math-optimizations -fno-signed-zeros -mreassociate -freciprocal-math -ffp-contract=fast -fno-rounding-math -ffast-math -ffinite-math-only -complex-range=basic -mconstructor-aliases -target-cpu cortex-a15 -target-feature +soft-float-abi -target-feature -crc -target-feature -dotprod -target-feature +dsp -target-feature -mve -target-feature -mve.fp -target-feature -ras -target-feature -bf16 -target-feature -sb -target-feature -i8mm -target-feature -lob -target-feature -cdecp0 -target-feature -cdecp1 -target-feature -cdecp2 -target-feature -cdecp3 -target-feature -cdecp4 -target-feature -cdecp5 -target-feature -cdecp6 -target-feature -cdecp7 -target-feature -pacbti -target-feature +hwdiv-arm -target-feature +hwdiv -target-feature +vfp2 -target-feature +vfp2sp -target-feature +vfp3 -target-feature +vfp3d16 -target-feature +vfp3d16sp -target-feature +vfp3sp -target-feature +fp16 -target-feature +vfp4 -target-feature +vfp4d16 -target-feature +vfp4d16sp -target-feature +vfp4sp -target-feature -fp-armv8 -target-feature -fp-armv8d16 -target-feature -fp-armv8d16sp -target-feature -fp-armv8sp -target-feature -fullfp16 -target-feature +fp64 -target-feature +d32 -target-feature +neon -target-feature -fp16fml -target-feature -crypto -target-feature -sha2 -target-feature -aes -target-abi aapcs-linux -mfloat-abi soft -debugger-tuning=gdb -fdebug-compilation-dir=/data/data/com.termux/files/home/ccminer -v -fcoverage-compilation-dir=/data/data/com.termux/files/home/ccminer -resource-dir /data/data/com.termux/files/usr/lib/clang/19 -D _REENTRANT -isysroot /data/data/com.termux/files -internal-isystem /data/data/com.termux/files/usr/lib/clang/19/include -internal-isystem /data/data/com.termux/files/usr/local/include -internal-externc-isystem /data/data/com.termux/files/usr/include/arm-linux-androideabi -internal-externc-isystem /data/data/com.termux/files/include -internal-externc-isystem /data/data/com.termux/files/usr/include -O3 -Rpass=missed-loop-vectorize -Rpass-analysis=loop-vectorize -ferror-limit 19 -femulated-tls -ffinite-loops -funroll-loops -pthread -fno-signed-char -fgnuc-version=4.2.1 -finline-functions -fskip-odr-check-in-gmf -vectorize-loops -vectorize-slp -mllvm -enable-loop-distribute -o /data/data/com.termux/files/usr/tmp/conftest-893b57.o -x c conftest.c
clang -cc1 version 19.1.7 based upon LLVM 19.1.7 default target armv7a-unknown-linux-androideabi24
ignoring nonexistent directory "/data/data/com.termux/files/usr/local/include"
ignoring nonexistent directory "/data/data/com.termux/files/include"
#include "..." search starts here:
#include <...> search starts here:
 /data/data/com.termux/files/usr/lib/clang/19/include
 /data/data/com.termux/files/usr/include/arm-linux-androideabi
 /data/data/com.termux/files/usr/include
End of search list.
 "/data/data/com.termux/files/usr/bin/ld.lld" --sysroot=/data/data/com.termux/files -EL -z now -z relro -z max-page-size=4096 -X --hash-style=gnu -rpath=/data/data/com.termux/files/usr/lib --eh-frame-hdr -m armelf_linux_eabi -pie -dynamic-linker /system/bin/linker -o conftest /data/data/com.termux/files/usr/lib/crtbegin_dynamic.o -L/data/data/com.termux/files/usr/lib -L/system/lib -plugin-opt=mcpu=cortex-a15 -plugin-opt=O3 -plugin-opt=-emulated-tls -plugin-opt=-pass-remarks=missed-loop-vectorize -plugin-opt=-pass-remarks-analysis=loop-vectorize -z relro -z now /data/data/com.termux/files/usr/tmp/conftest-893b57.o /data/data/com.termux/files/usr/lib/clang/19/lib/linux/libclang_rt.builtins-arm-android.a -l:libunwind.a -ldl -lc /data/data/com.termux/files/usr/lib/clang/19/lib/linux/libclang_rt.builtins-arm-android.a -l:libunwind.a -ldl /data/data/com.termux/files/usr/lib/crtend_android.o
configure:4574: $? = 0
configure:4598: result: 
configure:4622: checking whether we are cross compiling
configure:4630: clang -o conftest -Rpass=missed-loop-vectorize -Rpass-analysis=loop-vectorize -funroll-loops -finline-functions -O3 -ffinite-loops -ffast-math -D_REENTRANT -falign-functions=16 -fomit-frame-pointer -fpic -pthread -flto -fuse-ld=lld -fno-stack-protector -march=armv7-a -mcpu=cortex-a15 -mtune=cortex-a7 -mfpu=neon-vfpv4 -mllvm -enable-loop-distribute  -v -flto -Wl,-z,relro,-z,now conftest.c  >&5
clang version 19.1.7
Target: armv7a-unknown-linux-android24
Thread model: posix
InstalledDir: /data/data/com.termux/files/usr/bin
 "/data/data/com.termux/files/usr/bin/clang-19" -cc1 -triple armv7-unknown-linux-android24 -emit-llvm-bc -flto=full -flto-unit -dumpdir conftest- -disable-free -clear-ast-before-backend -disable-llvm-verifier -discard-value-names -main-file-name conftest.c -function-alignment 4 -mrelocation-model pic -pic-level 1 -fhalf-no-semantic-interposition -mframe-pointer=none -menable-no-infs -menable-no-nans -fapprox-func -funsafe-math-optimizations -fno-signed-zeros -mreassociate -freciprocal-math -ffp-contract=fast -fno-rounding-math -ffast-math -ffinite-math-only -complex-range=basic -mconstructor-aliases -target-cpu cortex-a15 -target-feature +soft-float-abi -target-feature -crc -target-feature -dotprod -target-feature +dsp -target-feature -mve -target-feature -mve.fp -target-feature -ras -target-feature -bf16 -target-feature -sb -target-feature -i8mm -target-feature -lob -target-feature -cdecp0 -target-feature -cdecp1 -target-feature -cdecp2 -target-feature -cdecp3 -target-feature -cdecp4 -target-feature -cdecp5 -target-feature -cdecp6 -target-feature -cdecp7 -target-feature -pacbti -target-feature +hwdiv-arm -target-feature +hwdiv -target-feature +vfp2 -target-feature +vfp2sp -target-feature +vfp3 -target-feature +vfp3d16 -target-feature +vfp3d16sp -target-feature +vfp3sp -target-feature +fp16 -target-feature +vfp4 -target-feature +vfp4d16 -target-feature +vfp4d16sp -target-feature +vfp4sp -target-feature -fp-armv8 -target-feature -fp-armv8d16 -target-feature -fp-armv8d16sp -target-feature -fp-armv8sp -target-feature -fullfp16 -target-feature +fp64 -target-feature +d32 -target-feature +neon -target-feature -fp16fml -target-feature -crypto -target-feature -sha2 -target-feature -aes -target-abi aapcs-linux -mfloat-abi soft -debugger-tuning=gdb -fdebug-compilation-dir=/data/data/com.termux/files/home/ccminer -v -fcoverage-compilation-dir=/data/data/com.termux/files/home/ccminer -resource-dir /data/data/com.termux/files/usr/lib/clang/19 -D _REENTRANT -isysroot /data/data/com.termux/files -internal-isystem /data/data/com.termux/files/usr/lib/clang/19/include -internal-isystem /data/data/com.termux/files/usr/local/include -internal-externc-isystem /data/data/com.termux/files/usr/include/arm-linux-androideabi -internal-externc-isystem /data/data/com.termux/files/include -internal-externc-isystem /data/data/com.termux/files/usr/include -O3 -Rpass=missed-loop-vectorize -Rpass-analysis=loop-vectorize -ferror-limit 19 -femulated-tls -ffinite-loops -funroll-loops -pthread -fno-signed-char -fgnuc-version=4.2.1 -finline-functions -fskip-odr-check-in-gmf -vectorize-loops -vectorize-slp -mllvm -enable-loop-distribute -o /data/data/com.termux/files/usr/tmp/conftest-a66f29.o -x c conftest.c
clang -cc1 version 19.1.7 based upon LLVM 19.1.7 default target armv7a-unknown-linux-androideabi24
ignoring nonexistent directory "/data/data/com.termux/files/usr/local/include"
ignoring nonexistent directory "/data/data/com.termux/files/include"
#include "..." search starts here:
#include <...> search starts here:
 /data/data/com.termux/files/usr/lib/clang/19/include
 /data/data/com.termux/files/usr/include/arm-linux-androideabi
 /data/data/com.termux/files/usr/include
End of search list.
 "/data/data/com.termux/files/usr/bin/ld.lld" --sysroot=/data/data/com.termux/files -EL -z now -z relro -z max-page-size=4096 -X --hash-style=gnu -rpath=/data/data/com.termux/files/usr/lib --eh-frame-hdr -m armelf_linux_eabi -pie -dynamic-linker /system/bin/linker -o conftest /data/data/com.termux/files/usr/lib/crtbegin_dynamic.o -L/data/data/com.termux/files/usr/lib -L/system/lib -plugin-opt=mcpu=cortex-a15 -plugin-opt=O3 -plugin-opt=-emulated-tls -plugin-opt=-pass-remarks=missed-loop-vectorize -plugin-opt=-pass-remarks-analysis=loop-vectorize -z relro -z now /data/data/com.termux/files/usr/tmp/conftest-a66f29.o /data/data/com.termux/files/usr/lib/clang/19/lib/linux/libclang_rt.builtins-arm-android.a -l:libunwind.a -ldl -lc /data/data/com.termux/files/usr/lib/clang/19/lib/linux/libclang_rt.builtins-arm-android.a -l:libunwind.a -ldl /data/data/com.termux/files/usr/lib/crtend_android.o
configure:4634: $? = 0
configure:4641: ./conftest
WARNING: linker: /data/data/com.termux/files/home/ccminer/conftest: unsupported flags DT_FLAGS_1=0x8000001
configure:4645: $? = 0
configure:4660: result: no
configure:4666: checking for suffix of object files
configure:4689: clang -c -Rpass=missed-loop-vectorize -Rpass-analysis=loop-vectorize -funroll-loops -finline-functions -O3 -ffinite-loops -ffast-math -D_REENTRANT -falign-functions=16 -fomit-frame-pointer -fpic -pthread -flto -fuse-ld=lld -fno-stack-protector -march=armv7-a -mcpu=cortex-a15 -mtune=cortex-a7 -mfpu=neon-vfpv4 -mllvm -enable-loop-distribute  conftest.c >&5
clang: warning: argument unused during compilation: '-fuse-ld=lld' [-Wunused-command-line-argument]
configure:4693: $? = 0
configure:4717: result: o
configure:4721: checking whether the compiler supports GNU C
configure:4741: clang -c -Rpass=missed-loop-vectorize -Rpass-analysis=loop-vectorize -funroll-loops -finline-functions -O3 -ffinite-loops -ffast-math -D_REENTRANT -falign-functions=16 -fomit-frame-pointer -fpic -pthread -flto -fuse-ld=lld -fno-stack-protector -march=armv7-a -mcpu=cortex-a15 -mtune=cortex-a7 -mfpu=neon-vfpv4 -mllvm -enable-loop-distribute  conftest.c >&5
clang: warning: argument unused during compilation: '-fuse-ld=lld' [-Wunused-command-line-argument]
configure:4741: $? = 0
configure:4753: result: yes
configure:4764: checking whether clang accepts -g
configure:4785: clang -c -g  conftest.c >&5
configure:4785: $? = 0
configure:4832: result: yes
configure:4852: checking for clang option to enable C11 features
configure:4867: clang  -c -Rpass=missed-loop-vectorize -Rpass-analysis=loop-vectorize -funroll-loops -finline-functions -O3 -ffinite-loops -ffast-math -D_REENTRANT -falign-functions=16 -fomit-frame-pointer -fpic -pthread -flto -fuse-ld=lld -fno-stack-protector -march=armv7-a -mcpu=cortex-a15 -mtune=cortex-a7 -mfpu=neon-vfpv4 -mllvm -enable-loop-distribute  conftest.c >&5
clang: warning: argument unused during compilation: '-fuse-ld=lld' [-Wunused-command-line-argument]
configure:4867: $? = 0
configure:4886: result: none needed
configure:5010: checking whether clang understands -c and -o together
configure:5033: clang -c conftest.c -o conftest2.o
configure:5036: $? = 0
configure:5033: clang -c conftest.c -o conftest2.o
configure:5036: $? = 0
configure:5049: result: yes
configure:5068: checking dependency style of clang
configure:5181: result: gcc3
configure:5208: checking dependency style of clang
configure:5319: result: gcc3
configure:5337: checking for armv7a-linux-android24-ranlib
configure:5373: result: no
configure:5383: checking for ranlib
configure:5404: found /data/data/com.termux/files/usr/bin/ranlib
configure:5416: result: ranlib
configure:5568: checking for C++ compiler version
configure:5577: clang++ --version >&5
clang version 19.1.7
Target: armv7a-unknown-linux-android24
Thread model: posix
InstalledDir: /data/data/com.termux/files/usr/bin
configure:5588: $? = 0
configure:5577: clang++ -v >&5
clang version 19.1.7
Target: armv7a-unknown-linux-android24
Thread model: posix
InstalledDir: /data/data/com.termux/files/usr/bin
configure:5588: $? = 0
configure:5577: clang++ -V >&5
clang++: error: argument to '-V' is missing (expected 1 value)
clang++: error: no input files
configure:5588: $? = 1
configure:5577: clang++ -qversion >&5
clang++: error: unknown argument '-qversion'; did you mean '--version'?
clang++: error: no input files
configure:5588: $? = 1
configure:5592: checking whether the compiler supports GNU C++
configure:5612: clang++ -c -Rpass=missed-loop-vectorize -Rpass-analysis=loop-vectorize -funroll-loops -finline-functions -O3 -ffinite-loops -ffast-math -D_REENTRANT -falign-functions=16 -fomit-frame-pointer -fpic -pthread -flto -fuse-ld=lld -fno-stack-protector -march=armv7-a -mcpu=cortex-a15 -mtune=cortex-a7 -mfpu=neon-vfpv4 -mllvm -enable-loop-distribute  conftest.cpp >&5
clang++: warning: argument unused during compilation: '-fuse-ld=lld' [-Wunused-command-line-argument]
configure:5612: $? = 0
configure:5624: result: yes
configure:5635: checking whether clang++ accepts -g
configure:5656: clang++ -c -g  conftest.cpp >&5
configure:5656: $? = 0
configure:5703: result: yes
configure:5723: checking for clang++ option to enable C++11 features
configure:5738: clang++  -c -Rpass=missed-loop-vectorize -Rpass-analysis=loop-vectorize -funroll-loops -finline-functions -O3 -ffinite-loops -ffast-math -D_REENTRANT -falign-functions=16 -fomit-frame-pointer -fpic -pthread -flto -fuse-ld=lld -fno-stack-protector -march=armv7-a -mcpu=cortex-a15 -mtune=cortex-a7 -mfpu=neon-vfpv4 -mllvm -enable-loop-distribute  conftest.cpp >&5
clang++: warning: argument unused during compilation: '-fuse-ld=lld' [-Wunused-command-line-argument]
conftest.cpp:30:12: error: target of using declaration conflicts with declaration already in scope
   30 | using std::strcmp;
      |            ^
conftest.cpp:25:14: note: target of using declaration
   25 |   extern int strcmp (const char *, const char *);
      |              ^
/data/data/com.termux/files/usr/include/string.h:111:5: note: conflicting declaration
  111 | int strcmp(const char* _Nonnull __lhs, const char* _Nonnull __rhs) __attribute_pure__;
      |     ^
conftest.cpp:177:25: warning: empty parentheses interpreted as a function declaration [-Wvexing-parse]
  177 |   cxx11test::delegate d2();
      |                         ^~
conftest.cpp:177:25: note: remove parentheses to declare a variable
  177 |   cxx11test::delegate d2();
      |                         ^~
1 warning and 1 error generated.
configure:5738: $? = 1
configure: failed program was:
| /* confdefs.h */
| #define PACKAGE_NAME "ccminer_CPU"
| #define PACKAGE_TARNAME "ccminer"
| #define PACKAGE_VERSION "3.8.3-4"
| #define PACKAGE_STRING "ccminer_CPU 3.8.3-4"
| #define PACKAGE_BUGREPORT ""
| #define PACKAGE_URL "http://github.com/monkins1010/ccminer"
| #define PACKAGE "ccminer"
| #define VERSION "3.8.3-4"
| /* end confdefs.h.  */
| 
| // Does the compiler advertise C++98 conformance?
| #if !defined __cplusplus || __cplusplus < 199711L
| # error "Compiler does not advertise C++98 conformance"
| #endif
| 
| // These inclusions are to reject old compilers that
| // lack the unsuffixed header files.
| #include <cstdlib>
| #include <exception>
| 
| // <cassert> and <cstring> are *not* freestanding headers in C++98.
| extern void assert (int);
| namespace std {
|   extern int strcmp (const char *, const char *);
| }
| 
| // Namespaces, exceptions, and templates were all added after "C++ 2.0".
| using std::exception;
| using std::strcmp;
| 
| namespace {
| 
| void test_exception_syntax()
| {
|   try {
|     throw "test";
|   } catch (const char *s) {
|     // Extra parentheses suppress a warning when building autoconf itself,
|     // due to lint rules shared with more typical C programs.
|     assert (!(strcmp) (s, "test"));
|   }
| }
| 
| template <typename T> struct test_template
| {
|   T const val;
|   explicit test_template(T t) : val(t) {}
|   template <typename U> T add(U u) { return static_cast<T>(u) + val; }
| };
| 
| } // anonymous namespace
| 
| 
| // Does the compiler advertise C++ 2011 conformance?
| #if !defined __cplusplus || __cplusplus < 201103L
| # error "Compiler does not advertise C++11 conformance"
| #endif
| 
| namespace cxx11test
| {
|   constexpr int get_val() { return 20; }
| 
|   struct testinit
|   {
|     int i;
|     double d;
|   };
| 
|   class delegate
|   {
|   public:
|     delegate(int n) : n(n) {}
|     delegate(): delegate(2354) {}
| 
|     virtual int getval() { return this->n; };
|   protected:
|     int n;
|   };
| 
|   class overridden : public delegate
|   {
|   public:
|     overridden(int n): delegate(n) {}
|     virtual int getval() override final { return this->n * 2; }
|   };
| 
|   class nocopy
|   {
|   public:
|     nocopy(int i): i(i) {}
|     nocopy() = default;
|     nocopy(const nocopy&) = delete;
|     nocopy & operator=(const nocopy&) = delete;
|   private:
|     int i;
|   };
| 
|   // for testing lambda expressions
|   template <typename Ret, typename Fn> Ret eval(Fn f, Ret v)
|   {
|     return f(v);
|   }
| 
|   // for testing variadic templates and trailing return types
|   template <typename V> auto sum(V first) -> V
|   {
|     return first;
|   }
|   template <typename V, typename... Args> auto sum(V first, Args... rest) -> V
|   {
|     return first + sum(rest...);
|   }
| }
| 
| 
| int
| main (int argc, char **argv)
| {
|   int ok = 0;
|   
|   assert (argc);
|   assert (! argv[0]);
| {
|   test_exception_syntax ();
|   test_template<double> tt (2.0);
|   assert (tt.add (4) == 6.0);
|   assert (true && !false);
| }
| 
|   
| {
|   // Test auto and decltype
|   auto a1 = 6538;
|   auto a2 = 48573953.4;
|   auto a3 = "String literal";
| 
|   int total = 0;
|   for (auto i = a3; *i; ++i) { total += *i; }
| 
|   decltype(a2) a4 = 34895.034;
| }
| {
|   // Test constexpr
|   short sa[cxx11test::get_val()] = { 0 };
| }
| {
|   // Test initializer lists
|   cxx11test::testinit il = { 4323, 435234.23544 };
| }
| {
|   // Test range-based for
|   int array[] = {9, 7, 13, 15, 4, 18, 12, 10, 5, 3,
|                  14, 19, 17, 8, 6, 20, 16, 2, 11, 1};
|   for (auto &x : array) { x += 23; }
| }
| {
|   // Test lambda expressions
|   using cxx11test::eval;
|   assert (eval ([](int x) { return x*2; }, 21) == 42);
|   double d = 2.0;
|   assert (eval ([&](double x) { return d += x; }, 3.0) == 5.0);
|   assert (d == 5.0);
|   assert (eval ([=](double x) mutable { return d += x; }, 4.0) == 9.0);
|   assert (d == 5.0);
| }
| {
|   // Test use of variadic templates
|   using cxx11test::sum;
|   auto a = sum(1);
|   auto b = sum(1, 2);
|   auto c = sum(1.0, 2.0, 3.0);
| }
| {
|   // Test constructor delegation
|   cxx11test::delegate d1;
|   cxx11test::delegate d2();
|   cxx11test::delegate d3(45);
| }
| {
|   // Test override and final
|   cxx11test::overridden o1(55464);
| }
| {
|   // Test nullptr
|   char *c = nullptr;
| }
| {
|   // Test template brackets
|   test_template<::test_template<int>> v(test_template<int>(12));
| }
| {
|   // Unicode literals
|   char const *utf8 = u8"UTF-8 string \u2500";
|   char16_t const *utf16 = u"UTF-8 string \u2500";
|   char32_t const *utf32 = U"UTF-32 string \u2500";
| }
| 
|   return ok;
| }
| 
configure:5738: clang++ -std=gnu++11 -c -Rpass=missed-loop-vectorize -Rpass-analysis=loop-vectorize -funroll-loops -finline-functions -O3 -ffinite-loops -ffast-math -D_REENTRANT -falign-functions=16 -fomit-frame-pointer -fpic -pthread -flto -fuse-ld=lld -fno-stack-protector -march=armv7-a -mcpu=cortex-a15 -mtune=cortex-a7 -mfpu=neon-vfpv4 -mllvm -enable-loop-distribute  conftest.cpp >&5
clang++: warning: argument unused during compilation: '-fuse-ld=lld' [-Wunused-command-line-argument]
conftest.cpp:30:12: error: target of using declaration conflicts with declaration already in scope
   30 | using std::strcmp;
      |            ^
conftest.cpp:25:14: note: target of using declaration
   25 |   extern int strcmp (const char *, const char *);
      |              ^
/data/data/com.termux/files/usr/include/string.h:111:5: note: conflicting declaration
  111 | int strcmp(const char* _Nonnull __lhs, const char* _Nonnull __rhs) __attribute_pure__;
      |     ^
conftest.cpp:177:25: warning: empty parentheses interpreted as a function declaration [-Wvexing-parse]
  177 |   cxx11test::delegate d2();
      |                         ^~
conftest.cpp:177:25: note: remove parentheses to declare a variable
  177 |   cxx11test::delegate d2();
      |                         ^~
1 warning and 1 error generated.
configure:5738: $? = 1
configure: failed program was:
| /* confdefs.h */
| #define PACKAGE_NAME "ccminer_CPU"
| #define PACKAGE_TARNAME "ccminer"
| #define PACKAGE_VERSION "3.8.3-4"
| #define PACKAGE_STRING "ccminer_CPU 3.8.3-4"
| #define PACKAGE_BUGREPORT ""
| #define PACKAGE_URL "http://github.com/monkins1010/ccminer"
| #define PACKAGE "ccminer"
| #define VERSION "3.8.3-4"
| /* end confdefs.h.  */
| 
| // Does the compiler advertise C++98 conformance?
| #if !defined __cplusplus || __cplusplus < 199711L
| # error "Compiler does not advertise C++98 conformance"
| #endif
| 
| // These inclusions are to reject old compilers that
| // lack the unsuffixed header files.
| #include <cstdlib>
| #include <exception>
| 
| // <cassert> and <cstring> are *not* freestanding headers in C++98.
| extern void assert (int);
| namespace std {
|   extern int strcmp (const char *, const char *);
| }
| 
| // Namespaces, exceptions, and templates were all added after "C++ 2.0".
| using std::exception;
| using std::strcmp;
| 
| namespace {
| 
| void test_exception_syntax()
| {
|   try {
|     throw "test";
|   } catch (const char *s) {
|     // Extra parentheses suppress a warning when building autoconf itself,
|     // due to lint rules shared with more typical C programs.
|     assert (!(strcmp) (s, "test"));
|   }
| }
| 
| template <typename T> struct test_template
| {
|   T const val;
|   explicit test_template(T t) : val(t) {}
|   template <typename U> T add(U u) { return static_cast<T>(u) + val; }
| };
| 
| } // anonymous namespace
| 
| 
| // Does the compiler advertise C++ 2011 conformance?
| #if !defined __cplusplus || __cplusplus < 201103L
| # error "Compiler does not advertise C++11 conformance"
| #endif
| 
| namespace cxx11test
| {
|   constexpr int get_val() { return 20; }
| 
|   struct testinit
|   {
|     int i;
|     double d;
|   };
| 
|   class delegate
|   {
|   public:
|     delegate(int n) : n(n) {}
|     delegate(): delegate(2354) {}
| 
|     virtual int getval() { return this->n; };
|   protected:
|     int n;
|   };
| 
|   class overridden : public delegate
|   {
|   public:
|     overridden(int n): delegate(n) {}
|     virtual int getval() override final { return this->n * 2; }
|   };
| 
|   class nocopy
|   {
|   public:
|     nocopy(int i): i(i) {}
|     nocopy() = default;
|     nocopy(const nocopy&) = delete;
|     nocopy & operator=(const nocopy&) = delete;
|   private:
|     int i;
|   };
| 
|   // for testing lambda expressions
|   template <typename Ret, typename Fn> Ret eval(Fn f, Ret v)
|   {
|     return f(v);
|   }
| 
|   // for testing variadic templates and trailing return types
|   template <typename V> auto sum(V first) -> V
|   {
|     return first;
|   }
|   template <typename V, typename... Args> auto sum(V first, Args... rest) -> V
|   {
|     return first + sum(rest...);
|   }
| }
| 
| 
| int
| main (int argc, char **argv)
| {
|   int ok = 0;
|   
|   assert (argc);
|   assert (! argv[0]);
| {
|   test_exception_syntax ();
|   test_template<double> tt (2.0);
|   assert (tt.add (4) == 6.0);
|   assert (true && !false);
| }
| 
|   
| {
|   // Test auto and decltype
|   auto a1 = 6538;
|   auto a2 = 48573953.4;
|   auto a3 = "String literal";
| 
|   int total = 0;
|   for (auto i = a3; *i; ++i) { total += *i; }
| 
|   decltype(a2) a4 = 34895.034;
| }
| {
|   // Test constexpr
|   short sa[cxx11test::get_val()] = { 0 };
| }
| {
|   // Test initializer lists
|   cxx11test::testinit il = { 4323, 435234.23544 };
| }
| {
|   // Test range-based for
|   int array[] = {9, 7, 13, 15, 4, 18, 12, 10, 5, 3,
|                  14, 19, 17, 8, 6, 20, 16, 2, 11, 1};
|   for (auto &x : array) { x += 23; }
| }
| {
|   // Test lambda expressions
|   using cxx11test::eval;
|   assert (eval ([](int x) { return x*2; }, 21) == 42);
|   double d = 2.0;
|   assert (eval ([&](double x) { return d += x; }, 3.0) == 5.0);
|   assert (d == 5.0);
|   assert (eval ([=](double x) mutable { return d += x; }, 4.0) == 9.0);
|   assert (d == 5.0);
| }
| {
|   // Test use of variadic templates
|   using cxx11test::sum;
|   auto a = sum(1);
|   auto b = sum(1, 2);
|   auto c = sum(1.0, 2.0, 3.0);
| }
| {
|   // Test constructor delegation
|   cxx11test::delegate d1;
|   cxx11test::delegate d2();
|   cxx11test::delegate d3(45);
| }
| {
|   // Test override and final
|   cxx11test::overridden o1(55464);
| }
| {
|   // Test nullptr
|   char *c = nullptr;
| }
| {
|   // Test template brackets
|   test_template<::test_template<int>> v(test_template<int>(12));
| }
| {
|   // Unicode literals
|   char const *utf8 = u8"UTF-8 string \u2500";
|   char16_t const *utf16 = u"UTF-8 string \u2500";
|   char32_t const *utf32 = U"UTF-32 string \u2500";
| }
| 
|   return ok;
| }
| 
configure:5738: clang++ -std=gnu++0x -c -Rpass=missed-loop-vectorize -Rpass-analysis=loop-vectorize -funroll-loops -finline-functions -O3 -ffinite-loops -ffast-math -D_REENTRANT -falign-functions=16 -fomit-frame-pointer -fpic -pthread -flto -fuse-ld=lld -fno-stack-protector -march=armv7-a -mcpu=cortex-a15 -mtune=cortex-a7 -mfpu=neon-vfpv4 -mllvm -enable-loop-distribute  conftest.cpp >&5
clang++: warning: argument unused during compilation: '-fuse-ld=lld' [-Wunused-command-line-argument]
conftest.cpp:30:12: error: target of using declaration conflicts with declaration already in scope
   30 | using std::strcmp;
      |            ^
conftest.cpp:25:14: note: target of using declaration
   25 |   extern int strcmp (const char *, const char *);
      |              ^
/data/data/com.termux/files/usr/include/string.h:111:5: note: conflicting declaration
  111 | int strcmp(const char* _Nonnull __lhs, const char* _Nonnull __rhs) __attribute_pure__;
      |     ^
conftest.cpp:177:25: warning: empty parentheses interpreted as a function declaration [-Wvexing-parse]
  177 |   cxx11test::delegate d2();
      |                         ^~
conftest.cpp:177:25: note: remove parentheses to declare a variable
  177 |   cxx11test::delegate d2();
      |                         ^~
1 warning and 1 error generated.
configure:5738: $? = 1
configure: failed program was:
| /* confdefs.h */
| #define PACKAGE_NAME "ccminer_CPU"
| #define PACKAGE_TARNAME "ccminer"
| #define PACKAGE_VERSION "3.8.3-4"
| #define PACKAGE_STRING "ccminer_CPU 3.8.3-4"
| #define PACKAGE_BUGREPORT ""
| #define PACKAGE_URL "http://github.com/monkins1010/ccminer"
| #define PACKAGE "ccminer"
| #define VERSION "3.8.3-4"
| /* end confdefs.h.  */
| 
| // Does the compiler advertise C++98 conformance?
| #if !defined __cplusplus || __cplusplus < 199711L
| # error "Compiler does not advertise C++98 conformance"
| #endif
| 
| // These inclusions are to reject old compilers that
| // lack the unsuffixed header files.
| #include <cstdlib>
| #include <exception>
| 
| // <cassert> and <cstring> are *not* freestanding headers in C++98.
| extern void assert (int);
| namespace std {
|   extern int strcmp (const char *, const char *);
| }
| 
| // Namespaces, exceptions, and templates were all added after "C++ 2.0".
| using std::exception;
| using std::strcmp;
| 
| namespace {
| 
| void test_exception_syntax()
| {
|   try {
|     throw "test";
|   } catch (const char *s) {
|     // Extra parentheses suppress a warning when building autoconf itself,
|     // due to lint rules shared with more typical C programs.
|     assert (!(strcmp) (s, "test"));
|   }
| }
| 
| template <typename T> struct test_template
| {
|   T const val;
|   explicit test_template(T t) : val(t) {}
|   template <typename U> T add(U u) { return static_cast<T>(u) + val; }
| };
| 
| } // anonymous namespace
| 
| 
| // Does the compiler advertise C++ 2011 conformance?
| #if !defined __cplusplus || __cplusplus < 201103L
| # error "Compiler does not advertise C++11 conformance"
| #endif
| 
| namespace cxx11test
| {
|   constexpr int get_val() { return 20; }
| 
|   struct testinit
|   {
|     int i;
|     double d;
|   };
| 
|   class delegate
|   {
|   public:
|     delegate(int n) : n(n) {}
|     delegate(): delegate(2354) {}
| 
|     virtual int getval() { return this->n; };
|   protected:
|     int n;
|   };
| 
|   class overridden : public delegate
|   {
|   public:
|     overridden(int n): delegate(n) {}
|     virtual int getval() override final { return this->n * 2; }
|   };
| 
|   class nocopy
|   {
|   public:
|     nocopy(int i): i(i) {}
|     nocopy() = default;
|     nocopy(const nocopy&) = delete;
|     nocopy & operator=(const nocopy&) = delete;
|   private:
|     int i;
|   };
| 
|   // for testing lambda expressions
|   template <typename Ret, typename Fn> Ret eval(Fn f, Ret v)
|   {
|     return f(v);
|   }
| 
|   // for testing variadic templates and trailing return types
|   template <typename V> auto sum(V first) -> V
|   {
|     return first;
|   }
|   template <typename V, typename... Args> auto sum(V first, Args... rest) -> V
|   {
|     return first + sum(rest...);
|   }
| }
| 
| 
| int
| main (int argc, char **argv)
| {
|   int ok = 0;
|   
|   assert (argc);
|   assert (! argv[0]);
| {
|   test_exception_syntax ();
|   test_template<double> tt (2.0);
|   assert (tt.add (4) == 6.0);
|   assert (true && !false);
| }
| 
|   
| {
|   // Test auto and decltype
|   auto a1 = 6538;
|   auto a2 = 48573953.4;
|   auto a3 = "String literal";
| 
|   int total = 0;
|   for (auto i = a3; *i; ++i) { total += *i; }
| 
|   decltype(a2) a4 = 34895.034;
| }
| {
|   // Test constexpr
|   short sa[cxx11test::get_val()] = { 0 };
| }
| {
|   // Test initializer lists
|   cxx11test::testinit il = { 4323, 435234.23544 };
| }
| {
|   // Test range-based for
|   int array[] = {9, 7, 13, 15, 4, 18, 12, 10, 5, 3,
|                  14, 19, 17, 8, 6, 20, 16, 2, 11, 1};
|   for (auto &x : array) { x += 23; }
| }
| {
|   // Test lambda expressions
|   using cxx11test::eval;
|   assert (eval ([](int x) { return x*2; }, 21) == 42);
|   double d = 2.0;
|   assert (eval ([&](double x) { return d += x; }, 3.0) == 5.0);
|   assert (d == 5.0);
|   assert (eval ([=](double x) mutable { return d += x; }, 4.0) == 9.0);
|   assert (d == 5.0);
| }
| {
|   // Test use of variadic templates
|   using cxx11test::sum;
|   auto a = sum(1);
|   auto b = sum(1, 2);
|   auto c = sum(1.0, 2.0, 3.0);
| }
| {
|   // Test constructor delegation
|   cxx11test::delegate d1;
|   cxx11test::delegate d2();
|   cxx11test::delegate d3(45);
| }
| {
|   // Test override and final
|   cxx11test::overridden o1(55464);
| }
| {
|   // Test nullptr
|   char *c = nullptr;
| }
| {
|   // Test template brackets
|   test_template<::test_template<int>> v(test_template<int>(12));
| }
| {
|   // Unicode literals
|   char const *utf8 = u8"UTF-8 string \u2500";
|   char16_t const *utf16 = u"UTF-8 string \u2500";
|   char32_t const *utf32 = U"UTF-32 string \u2500";
| }
| 
|   return ok;
| }
| 
configure:5738: clang++ -std=c++11 -c -Rpass=missed-loop-vectorize -Rpass-analysis=loop-vectorize -funroll-loops -finline-functions -O3 -ffinite-loops -ffast-math -D_REENTRANT -falign-functions=16 -fomit-frame-pointer -fpic -pthread -flto -fuse-ld=lld -fno-stack-protector -march=armv7-a -mcpu=cortex-a15 -mtune=cortex-a7 -mfpu=neon-vfpv4 -mllvm -enable-loop-distribute  conftest.cpp >&5
clang++: warning: argument unused during compilation: '-fuse-ld=lld' [-Wunused-command-line-argument]
conftest.cpp:30:12: error: target of using declaration conflicts with declaration already in scope
   30 | using std::strcmp;
      |            ^
conftest.cpp:25:14: note: target of using declaration
   25 |   extern int strcmp (const char *, const char *);
      |              ^
/data/data/com.termux/files/usr/include/string.h:111:5: note: conflicting declaration
  111 | int strcmp(const char* _Nonnull __lhs, const char* _Nonnull __rhs) __attribute_pure__;
      |     ^
conftest.cpp:177:25: warning: empty parentheses interpreted as a function declaration [-Wvexing-parse]
  177 |   cxx11test::delegate d2();
      |                         ^~
conftest.cpp:177:25: note: remove parentheses to declare a variable
  177 |   cxx11test::delegate d2();
      |                         ^~
1 warning and 1 error generated.
configure:5738: $? = 1
configure: failed program was:
| /* confdefs.h */
| #define PACKAGE_NAME "ccminer_CPU"
| #define PACKAGE_TARNAME "ccminer"
| #define PACKAGE_VERSION "3.8.3-4"
| #define PACKAGE_STRING "ccminer_CPU 3.8.3-4"
| #define PACKAGE_BUGREPORT ""
| #define PACKAGE_URL "http://github.com/monkins1010/ccminer"
| #define PACKAGE "ccminer"
| #define VERSION "3.8.3-4"
| /* end confdefs.h.  */
| 
| // Does the compiler advertise C++98 conformance?
| #if !defined __cplusplus || __cplusplus < 199711L
| # error "Compiler does not advertise C++98 conformance"
| #endif
| 
| // These inclusions are to reject old compilers that
| // lack the unsuffixed header files.
| #include <cstdlib>
| #include <exception>
| 
| // <cassert> and <cstring> are *not* freestanding headers in C++98.
| extern void assert (int);
| namespace std {
|   extern int strcmp (const char *, const char *);
| }
| 
| // Namespaces, exceptions, and templates were all added after "C++ 2.0".
| using std::exception;
| using std::strcmp;
| 
| namespace {
| 
| void test_exception_syntax()
| {
|   try {
|     throw "test";
|   } catch (const char *s) {
|     // Extra parentheses suppress a warning when building autoconf itself,
|     // due to lint rules shared with more typical C programs.
|     assert (!(strcmp) (s, "test"));
|   }
| }
| 
| template <typename T> struct test_template
| {
|   T const val;
|   explicit test_template(T t) : val(t) {}
|   template <typename U> T add(U u) { return static_cast<T>(u) + val; }
| };
| 
| } // anonymous namespace
| 
| 
| // Does the compiler advertise C++ 2011 conformance?
| #if !defined __cplusplus || __cplusplus < 201103L
| # error "Compiler does not advertise C++11 conformance"
| #endif
| 
| namespace cxx11test
| {
|   constexpr int get_val() { return 20; }
| 
|   struct testinit
|   {
|     int i;
|     double d;
|   };
| 
|   class delegate
|   {
|   public:
|     delegate(int n) : n(n) {}
|     delegate(): delegate(2354) {}
| 
|     virtual int getval() { return this->n; };
|   protected:
|     int n;
|   };
| 
|   class overridden : public delegate
|   {
|   public:
|     overridden(int n): delegate(n) {}
|     virtual int getval() override final { return this->n * 2; }
|   };
| 
|   class nocopy
|   {
|   public:
|     nocopy(int i): i(i) {}
|     nocopy() = default;
|     nocopy(const nocopy&) = delete;
|     nocopy & operator=(const nocopy&) = delete;
|   private:
|     int i;
|   };
| 
|   // for testing lambda expressions
|   template <typename Ret, typename Fn> Ret eval(Fn f, Ret v)
|   {
|     return f(v);
|   }
| 
|   // for testing variadic templates and trailing return types
|   template <typename V> auto sum(V first) -> V
|   {
|     return first;
|   }
|   template <typename V, typename... Args> auto sum(V first, Args... rest) -> V
|   {
|     return first + sum(rest...);
|   }
| }
| 
| 
| int
| main (int argc, char **argv)
| {
|   int ok = 0;
|   
|   assert (argc);
|   assert (! argv[0]);
| {
|   test_exception_syntax ();
|   test_template<double> tt (2.0);
|   assert (tt.add (4) == 6.0);
|   assert (true && !false);
| }
| 
|   
| {
|   // Test auto and decltype
|   auto a1 = 6538;
|   auto a2 = 48573953.4;
|   auto a3 = "String literal";
| 
|   int total = 0;
|   for (auto i = a3; *i; ++i) { total += *i; }
| 
|   decltype(a2) a4 = 34895.034;
| }
| {
|   // Test constexpr
|   short sa[cxx11test::get_val()] = { 0 };
| }
| {
|   // Test initializer lists
|   cxx11test::testinit il = { 4323, 435234.23544 };
| }
| {
|   // Test range-based for
|   int array[] = {9, 7, 13, 15, 4, 18, 12, 10, 5, 3,
|                  14, 19, 17, 8, 6, 20, 16, 2, 11, 1};
|   for (auto &x : array) { x += 23; }
| }
| {
|   // Test lambda expressions
|   using cxx11test::eval;
|   assert (eval ([](int x) { return x*2; }, 21) == 42);
|   double d = 2.0;
|   assert (eval ([&](double x) { return d += x; }, 3.0) == 5.0);
|   assert (d == 5.0);
|   assert (eval ([=](double x) mutable { return d += x; }, 4.0) == 9.0);
|   assert (d == 5.0);
| }
| {
|   // Test use of variadic templates
|   using cxx11test::sum;
|   auto a = sum(1);
|   auto b = sum(1, 2);
|   auto c = sum(1.0, 2.0, 3.0);
| }
| {
|   // Test constructor delegation
|   cxx11test::delegate d1;
|   cxx11test::delegate d2();
|   cxx11test::delegate d3(45);
| }
| {
|   // Test override and final
|   cxx11test::overridden o1(55464);
| }
| {
|   // Test nullptr
|   char *c = nullptr;
| }
| {
|   // Test template brackets
|   test_template<::test_template<int>> v(test_template<int>(12));
| }
| {
|   // Unicode literals
|   char const *utf8 = u8"UTF-8 string \u2500";
|   char16_t const *utf16 = u"UTF-8 string \u2500";
|   char32_t const *utf32 = U"UTF-32 string \u2500";
| }
| 
|   return ok;
| }
| 
configure:5738: clang++ -std=c++0x -c -Rpass=missed-loop-vectorize -Rpass-analysis=loop-vectorize -funroll-loops -finline-functions -O3 -ffinite-loops -ffast-math -D_REENTRANT -falign-functions=16 -fomit-frame-pointer -fpic -pthread -flto -fuse-ld=lld -fno-stack-protector -march=armv7-a -mcpu=cortex-a15 -mtune=cortex-a7 -mfpu=neon-vfpv4 -mllvm -enable-loop-distribute  conftest.cpp >&5
clang++: warning: argument unused during compilation: '-fuse-ld=lld' [-Wunused-command-line-argument]
conftest.cpp:30:12: error: target of using declaration conflicts with declaration already in scope
   30 | using std::strcmp;
      |            ^
conftest.cpp:25:14: note: target of using declaration
   25 |   extern int strcmp (const char *, const char *);
      |              ^
/data/data/com.termux/files/usr/include/string.h:111:5: note: conflicting declaration
  111 | int strcmp(const char* _Nonnull __lhs, const char* _Nonnull __rhs) __attribute_pure__;
      |     ^
conftest.cpp:177:25: warning: empty parentheses interpreted as a function declaration [-Wvexing-parse]
  177 |   cxx11test::delegate d2();
      |                         ^~
conftest.cpp:177:25: note: remove parentheses to declare a variable
  177 |   cxx11test::delegate d2();
      |                         ^~
1 warning and 1 error generated.
configure:5738: $? = 1
configure: failed program was:
| /* confdefs.h */
| #define PACKAGE_NAME "ccminer_CPU"
| #define PACKAGE_TARNAME "ccminer"
| #define PACKAGE_VERSION "3.8.3-4"
| #define PACKAGE_STRING "ccminer_CPU 3.8.3-4"
| #define PACKAGE_BUGREPORT ""
| #define PACKAGE_URL "http://github.com/monkins1010/ccminer"
| #define PACKAGE "ccminer"
| #define VERSION "3.8.3-4"
| /* end confdefs.h.  */
| 
| // Does the compiler advertise C++98 conformance?
| #if !defined __cplusplus || __cplusplus < 199711L
| # error "Compiler does not advertise C++98 conformance"
| #endif
| 
| // These inclusions are to reject old compilers that
| // lack the unsuffixed header files.
| #include <cstdlib>
| #include <exception>
| 
| // <cassert> and <cstring> are *not* freestanding headers in C++98.
| extern void assert (int);
| namespace std {
|   extern int strcmp (const char *, const char *);
| }
| 
| // Namespaces, exceptions, and templates were all added after "C++ 2.0".
| using std::exception;
| using std::strcmp;
| 
| namespace {
| 
| void test_exception_syntax()
| {
|   try {
|     throw "test";
|   } catch (const char *s) {
|     // Extra parentheses suppress a warning when building autoconf itself,
|     // due to lint rules shared with more typical C programs.
|     assert (!(strcmp) (s, "test"));
|   }
| }
| 
| template <typename T> struct test_template
| {
|   T const val;
|   explicit test_template(T t) : val(t) {}
|   template <typename U> T add(U u) { return static_cast<T>(u) + val; }
| };
| 
| } // anonymous namespace
| 
| 
| // Does the compiler advertise C++ 2011 conformance?
| #if !defined __cplusplus || __cplusplus < 201103L
| # error "Compiler does not advertise C++11 conformance"
| #endif
| 
| namespace cxx11test
| {
|   constexpr int get_val() { return 20; }
| 
|   struct testinit
|   {
|     int i;
|     double d;
|   };
| 
|   class delegate
|   {
|   public:
|     delegate(int n) : n(n) {}
|     delegate(): delegate(2354) {}
| 
|     virtual int getval() { return this->n; };
|   protected:
|     int n;
|   };
| 
|   class overridden : public delegate
|   {
|   public:
|     overridden(int n): delegate(n) {}
|     virtual int getval() override final { return this->n * 2; }
|   };
| 
|   class nocopy
|   {
|   public:
|     nocopy(int i): i(i) {}
|     nocopy() = default;
|     nocopy(const nocopy&) = delete;
|     nocopy & operator=(const nocopy&) = delete;
|   private:
|     int i;
|   };
| 
|   // for testing lambda expressions
|   template <typename Ret, typename Fn> Ret eval(Fn f, Ret v)
|   {
|     return f(v);
|   }
| 
|   // for testing variadic templates and trailing return types
|   template <typename V> auto sum(V first) -> V
|   {
|     return first;
|   }
|   template <typename V, typename... Args> auto sum(V first, Args... rest) -> V
|   {
|     return first + sum(rest...);
|   }
| }
| 
| 
| int
| main (int argc, char **argv)
| {
|   int ok = 0;
|   
|   assert (argc);
|   assert (! argv[0]);
| {
|   test_exception_syntax ();
|   test_template<double> tt (2.0);
|   assert (tt.add (4) == 6.0);
|   assert (true && !false);
| }
| 
|   
| {
|   // Test auto and decltype
|   auto a1 = 6538;
|   auto a2 = 48573953.4;
|   auto a3 = "String literal";
| 
|   int total = 0;
|   for (auto i = a3; *i; ++i) { total += *i; }
| 
|   decltype(a2) a4 = 34895.034;
| }
| {
|   // Test constexpr
|   short sa[cxx11test::get_val()] = { 0 };
| }
| {
|   // Test initializer lists
|   cxx11test::testinit il = { 4323, 435234.23544 };
| }
| {
|   // Test range-based for
|   int array[] = {9, 7, 13, 15, 4, 18, 12, 10, 5, 3,
|                  14, 19, 17, 8, 6, 20, 16, 2, 11, 1};
|   for (auto &x : array) { x += 23; }
| }
| {
|   // Test lambda expressions
|   using cxx11test::eval;
|   assert (eval ([](int x) { return x*2; }, 21) == 42);
|   double d = 2.0;
|   assert (eval ([&](double x) { return d += x; }, 3.0) == 5.0);
|   assert (d == 5.0);
|   assert (eval ([=](double x) mutable { return d += x; }, 4.0) == 9.0);
|   assert (d == 5.0);
| }
| {
|   // Test use of variadic templates
|   using cxx11test::sum;
|   auto a = sum(1);
|   auto b = sum(1, 2);
|   auto c = sum(1.0, 2.0, 3.0);
| }
| {
|   // Test constructor delegation
|   cxx11test::delegate d1;
|   cxx11test::delegate d2();
|   cxx11test::delegate d3(45);
| }
| {
|   // Test override and final
|   cxx11test::overridden o1(55464);
| }
| {
|   // Test nullptr
|   char *c = nullptr;
| }
| {
|   // Test template brackets
|   test_template<::test_template<int>> v(test_template<int>(12));
| }
| {
|   // Unicode literals
|   char const *utf8 = u8"UTF-8 string \u2500";
|   char16_t const *utf16 = u"UTF-8 string \u2500";
|   char32_t const *utf32 = U"UTF-32 string \u2500";
| }
| 
|   return ok;
| }
| 
configure:5738: clang++ -qlanglvl=extended0x -c -Rpass=missed-loop-vectorize -Rpass-analysis=loop-vectorize -funroll-loops -finline-functions -O3 -ffinite-loops -ffast-math -D_REENTRANT -falign-functions=16 -fomit-frame-pointer -fpic -pthread -flto -fuse-ld=lld -fno-stack-protector -march=armv7-a -mcpu=cortex-a15 -mtune=cortex-a7 -mfpu=neon-vfpv4 -mllvm -enable-loop-distribute  conftest.cpp >&5
clang++: error: unknown argument: '-qlanglvl=extended0x'
configure:5738: $? = 1
configure: failed program was:
| /* confdefs.h */
| #define PACKAGE_NAME "ccminer_CPU"
| #define PACKAGE_TARNAME "ccminer"
| #define PACKAGE_VERSION "3.8.3-4"
| #define PACKAGE_STRING "ccminer_CPU 3.8.3-4"
| #define PACKAGE_BUGREPORT ""
| #define PACKAGE_URL "http://github.com/monkins1010/ccminer"
| #define PACKAGE "ccminer"
| #define VERSION "3.8.3-4"
| /* end confdefs.h.  */
| 
| // Does the compiler advertise C++98 conformance?
| #if !defined __cplusplus || __cplusplus < 199711L
| # error "Compiler does not advertise C++98 conformance"
| #endif
| 
| // These inclusions are to reject old compilers that
| // lack the unsuffixed header files.
| #include <cstdlib>
| #include <exception>
| 
| // <cassert> and <cstring> are *not* freestanding headers in C++98.
| extern void assert (int);
| namespace std {
|   extern int strcmp (const char *, const char *);
| }
| 
| // Namespaces, exceptions, and templates were all added after "C++ 2.0".
| using std::exception;
| using std::strcmp;
| 
| namespace {
| 
| void test_exception_syntax()
| {
|   try {
|     throw "test";
|   } catch (const char *s) {
|     // Extra parentheses suppress a warning when building autoconf itself,
|     // due to lint rules shared with more typical C programs.
|     assert (!(strcmp) (s, "test"));
|   }
| }
| 
| template <typename T> struct test_template
| {
|   T const val;
|   explicit test_template(T t) : val(t) {}
|   template <typename U> T add(U u) { return static_cast<T>(u) + val; }
| };
| 
| } // anonymous namespace
| 
| 
| // Does the compiler advertise C++ 2011 conformance?
| #if !defined __cplusplus || __cplusplus < 201103L
| # error "Compiler does not advertise C++11 conformance"
| #endif
| 
| namespace cxx11test
| {
|   constexpr int get_val() { return 20; }
| 
|   struct testinit
|   {
|     int i;
|     double d;
|   };
| 
|   class delegate
|   {
|   public:
|     delegate(int n) : n(n) {}
|     delegate(): delegate(2354) {}
| 
|     virtual int getval() { return this->n; };
|   protected:
|     int n;
|   };
| 
|   class overridden : public delegate
|   {
|   public:
|     overridden(int n): delegate(n) {}
|     virtual int getval() override final { return this->n * 2; }
|   };
| 
|   class nocopy
|   {
|   public:
|     nocopy(int i): i(i) {}
|     nocopy() = default;
|     nocopy(const nocopy&) = delete;
|     nocopy & operator=(const nocopy&) = delete;
|   private:
|     int i;
|   };
| 
|   // for testing lambda expressions
|   template <typename Ret, typename Fn> Ret eval(Fn f, Ret v)
|   {
|     return f(v);
|   }
| 
|   // for testing variadic templates and trailing return types
|   template <typename V> auto sum(V first) -> V
|   {
|     return first;
|   }
|   template <typename V, typename... Args> auto sum(V first, Args... rest) -> V
|   {
|     return first + sum(rest...);
|   }
| }
| 
| 
| int
| main (int argc, char **argv)
| {
|   int ok = 0;
|   
|   assert (argc);
|   assert (! argv[0]);
| {
|   test_exception_syntax ();
|   test_template<double> tt (2.0);
|   assert (tt.add (4) == 6.0);
|   assert (true && !false);
| }
| 
|   
| {
|   // Test auto and decltype
|   auto a1 = 6538;
|   auto a2 = 48573953.4;
|   auto a3 = "String literal";
| 
|   int total = 0;
|   for (auto i = a3; *i; ++i) { total += *i; }
| 
|   decltype(a2) a4 = 34895.034;
| }
| {
|   // Test constexpr
|   short sa[cxx11test::get_val()] = { 0 };
| }
| {
|   // Test initializer lists
|   cxx11test::testinit il = { 4323, 435234.23544 };
| }
| {
|   // Test range-based for
|   int array[] = {9, 7, 13, 15, 4, 18, 12, 10, 5, 3,
|                  14, 19, 17, 8, 6, 20, 16, 2, 11, 1};
|   for (auto &x : array) { x += 23; }
| }
| {
|   // Test lambda expressions
|   using cxx11test::eval;
|   assert (eval ([](int x) { return x*2; }, 21) == 42);
|   double d = 2.0;
|   assert (eval ([&](double x) { return d += x; }, 3.0) == 5.0);
|   assert (d == 5.0);
|   assert (eval ([=](double x) mutable { return d += x; }, 4.0) == 9.0);
|   assert (d == 5.0);
| }
| {
|   // Test use of variadic templates
|   using cxx11test::sum;
|   auto a = sum(1);
|   auto b = sum(1, 2);
|   auto c = sum(1.0, 2.0, 3.0);
| }
| {
|   // Test constructor delegation
|   cxx11test::delegate d1;
|   cxx11test::delegate d2();
|   cxx11test::delegate d3(45);
| }
| {
|   // Test override and final
|   cxx11test::overridden o1(55464);
| }
| {
|   // Test nullptr
|   char *c = nullptr;
| }
| {
|   // Test template brackets
|   test_template<::test_template<int>> v(test_template<int>(12));
| }
| {
|   // Unicode literals
|   char const *utf8 = u8"UTF-8 string \u2500";
|   char16_t const *utf16 = u"UTF-8 string \u2500";
|   char32_t const *utf32 = U"UTF-32 string \u2500";
| }
| 
|   return ok;
| }
| 
configure:5738: clang++ -AA -c -Rpass=missed-loop-vectorize -Rpass-analysis=loop-vectorize -funroll-loops -finline-functions -O3 -ffinite-loops -ffast-math -D_REENTRANT -falign-functions=16 -fomit-frame-pointer -fpic -pthread -flto -fuse-ld=lld -fno-stack-protector -march=armv7-a -mcpu=cortex-a15 -mtune=cortex-a7 -mfpu=neon-vfpv4 -mllvm -enable-loop-distribute  conftest.cpp >&5
clang++: warning: argument unused during compilation: '-AA' [-Wunused-command-line-argument]
clang++: warning: argument unused during compilation: '-fuse-ld=lld' [-Wunused-command-line-argument]
conftest.cpp:30:12: error: target of using declaration conflicts with declaration already in scope
   30 | using std::strcmp;
      |            ^
conftest.cpp:25:14: note: target of using declaration
   25 |   extern int strcmp (const char *, const char *);
      |              ^
/data/data/com.termux/files/usr/include/string.h:111:5: note: conflicting declaration
  111 | int strcmp(const char* _Nonnull __lhs, const char* _Nonnull __rhs) __attribute_pure__;
      |     ^
conftest.cpp:177:25: warning: empty parentheses interpreted as a function declaration [-Wvexing-parse]
  177 |   cxx11test::delegate d2();
      |                         ^~
conftest.cpp:177:25: note: remove parentheses to declare a variable
  177 |   cxx11test::delegate d2();
      |                         ^~
1 warning and 1 error generated.
configure:5738: $? = 1
configure: failed program was:
| /* confdefs.h */
| #define PACKAGE_NAME "ccminer_CPU"
| #define PACKAGE_TARNAME "ccminer"
| #define PACKAGE_VERSION "3.8.3-4"
| #define PACKAGE_STRING "ccminer_CPU 3.8.3-4"
| #define PACKAGE_BUGREPORT ""
| #define PACKAGE_URL "http://github.com/monkins1010/ccminer"
| #define PACKAGE "ccminer"
| #define VERSION "3.8.3-4"
| /* end confdefs.h.  */
| 
| // Does the compiler advertise C++98 conformance?
| #if !defined __cplusplus || __cplusplus < 199711L
| # error "Compiler does not advertise C++98 conformance"
| #endif
| 
| // These inclusions are to reject old compilers that
| // lack the unsuffixed header files.
| #include <cstdlib>
| #include <exception>
| 
| // <cassert> and <cstring> are *not* freestanding headers in C++98.
| extern void assert (int);
| namespace std {
|   extern int strcmp (const char *, const char *);
| }
| 
| // Namespaces, exceptions, and templates were all added after "C++ 2.0".
| using std::exception;
| using std::strcmp;
| 
| namespace {
| 
| void test_exception_syntax()
| {
|   try {
|     throw "test";
|   } catch (const char *s) {
|     // Extra parentheses suppress a warning when building autoconf itself,
|     // due to lint rules shared with more typical C programs.
|     assert (!(strcmp) (s, "test"));
|   }
| }
| 
| template <typename T> struct test_template
| {
|   T const val;
|   explicit test_template(T t) : val(t) {}
|   template <typename U> T add(U u) { return static_cast<T>(u) + val; }
| };
| 
| } // anonymous namespace
| 
| 
| // Does the compiler advertise C++ 2011 conformance?
| #if !defined __cplusplus || __cplusplus < 201103L
| # error "Compiler does not advertise C++11 conformance"
| #endif
| 
| namespace cxx11test
| {
|   constexpr int get_val() { return 20; }
| 
|   struct testinit
|   {
|     int i;
|     double d;
|   };
| 
|   class delegate
|   {
|   public:
|     delegate(int n) : n(n) {}
|     delegate(): delegate(2354) {}
| 
|     virtual int getval() { return this->n; };
|   protected:
|     int n;
|   };
| 
|   class overridden : public delegate
|   {
|   public:
|     overridden(int n): delegate(n) {}
|     virtual int getval() override final { return this->n * 2; }
|   };
| 
|   class nocopy
|   {
|   public:
|     nocopy(int i): i(i) {}
|     nocopy() = default;
|     nocopy(const nocopy&) = delete;
|     nocopy & operator=(const nocopy&) = delete;
|   private:
|     int i;
|   };
| 
|   // for testing lambda expressions
|   template <typename Ret, typename Fn> Ret eval(Fn f, Ret v)
|   {
|     return f(v);
|   }
| 
|   // for testing variadic templates and trailing return types
|   template <typename V> auto sum(V first) -> V
|   {
|     return first;
|   }
|   template <typename V, typename... Args> auto sum(V first, Args... rest) -> V
|   {
|     return first + sum(rest...);
|   }
| }
| 
| 
| int
| main (int argc, char **argv)
| {
|   int ok = 0;
|   
|   assert (argc);
|   assert (! argv[0]);
| {
|   test_exception_syntax ();
|   test_template<double> tt (2.0);
|   assert (tt.add (4) == 6.0);
|   assert (true && !false);
| }
| 
|   
| {
|   // Test auto and decltype
|   auto a1 = 6538;
|   auto a2 = 48573953.4;
|   auto a3 = "String literal";
| 
|   int total = 0;
|   for (auto i = a3; *i; ++i) { total += *i; }
| 
|   decltype(a2) a4 = 34895.034;
| }
| {
|   // Test constexpr
|   short sa[cxx11test::get_val()] = { 0 };
| }
| {
|   // Test initializer lists
|   cxx11test::testinit il = { 4323, 435234.23544 };
| }
| {
|   // Test range-based for
|   int array[] = {9, 7, 13, 15, 4, 18, 12, 10, 5, 3,
|                  14, 19, 17, 8, 6, 20, 16, 2, 11, 1};
|   for (auto &x : array) { x += 23; }
| }
| {
|   // Test lambda expressions
|   using cxx11test::eval;
|   assert (eval ([](int x) { return x*2; }, 21) == 42);
|   double d = 2.0;
|   assert (eval ([&](double x) { return d += x; }, 3.0) == 5.0);
|   assert (d == 5.0);
|   assert (eval ([=](double x) mutable { return d += x; }, 4.0) == 9.0);
|   assert (d == 5.0);
| }
| {
|   // Test use of variadic templates
|   using cxx11test::sum;
|   auto a = sum(1);
|   auto b = sum(1, 2);
|   auto c = sum(1.0, 2.0, 3.0);
| }
| {
|   // Test constructor delegation
|   cxx11test::delegate d1;
|   cxx11test::delegate d2();
|   cxx11test::delegate d3(45);
| }
| {
|   // Test override and final
|   cxx11test::overridden o1(55464);
| }
| {
|   // Test nullptr
|   char *c = nullptr;
| }
| {
|   // Test template brackets
|   test_template<::test_template<int>> v(test_template<int>(12));
| }
| {
|   // Unicode literals
|   char const *utf8 = u8"UTF-8 string \u2500";
|   char16_t const *utf16 = u"UTF-8 string \u2500";
|   char32_t const *utf32 = U"UTF-32 string \u2500";
| }
| 
|   return ok;
| }
| 
configure:5752: result: unsupported
configure:5772: checking for clang++ option to enable C++98 features
configure:5787: clang++  -c -Rpass=missed-loop-vectorize -Rpass-analysis=loop-vectorize -funroll-loops -finline-functions -O3 -ffinite-loops -ffast-math -D_REENTRANT -falign-functions=16 -fomit-frame-pointer -fpic -pthread -flto -fuse-ld=lld -fno-stack-protector -march=armv7-a -mcpu=cortex-a15 -mtune=cortex-a7 -mfpu=neon-vfpv4 -mllvm -enable-loop-distribute  conftest.cpp >&5
clang++: warning: argument unused during compilation: '-fuse-ld=lld' [-Wunused-command-line-argument]
conftest.cpp:30:12: error: target of using declaration conflicts with declaration already in scope
   30 | using std::strcmp;
      |            ^
conftest.cpp:25:14: note: target of using declaration
   25 |   extern int strcmp (const char *, const char *);
      |              ^
/data/data/com.termux/files/usr/include/string.h:111:5: note: conflicting declaration
  111 | int strcmp(const char* _Nonnull __lhs, const char* _Nonnull __rhs) __attribute_pure__;
      |     ^
1 error generated.
configure:5787: $? = 1
configure: failed program was:
| /* confdefs.h */
| #define PACKAGE_NAME "ccminer_CPU"
| #define PACKAGE_TARNAME "ccminer"
| #define PACKAGE_VERSION "3.8.3-4"
| #define PACKAGE_STRING "ccminer_CPU 3.8.3-4"
| #define PACKAGE_BUGREPORT ""
| #define PACKAGE_URL "http://github.com/monkins1010/ccminer"
| #define PACKAGE "ccminer"
| #define VERSION "3.8.3-4"
| /* end confdefs.h.  */
| 
| // Does the compiler advertise C++98 conformance?
| #if !defined __cplusplus || __cplusplus < 199711L
| # error "Compiler does not advertise C++98 conformance"
| #endif
| 
| // These inclusions are to reject old compilers that
| // lack the unsuffixed header files.
| #include <cstdlib>
| #include <exception>
| 
| // <cassert> and <cstring> are *not* freestanding headers in C++98.
| extern void assert (int);
| namespace std {
|   extern int strcmp (const char *, const char *);
| }
| 
| // Namespaces, exceptions, and templates were all added after "C++ 2.0".
| using std::exception;
| using std::strcmp;
| 
| namespace {
| 
| void test_exception_syntax()
| {
|   try {
|     throw "test";
|   } catch (const char *s) {
|     // Extra parentheses suppress a warning when building autoconf itself,
|     // due to lint rules shared with more typical C programs.
|     assert (!(strcmp) (s, "test"));
|   }
| }
| 
| template <typename T> struct test_template
| {
|   T const val;
|   explicit test_template(T t) : val(t) {}
|   template <typename U> T add(U u) { return static_cast<T>(u) + val; }
| };
| 
| } // anonymous namespace
| 
| int
| main (int argc, char **argv)
| {
|   int ok = 0;
|   
|   assert (argc);
|   assert (! argv[0]);
| {
|   test_exception_syntax ();
|   test_template<double> tt (2.0);
|   assert (tt.add (4) == 6.0);
|   assert (true && !false);
| }
| 
|   return ok;
| }
| 
configure:5787: clang++ -std=gnu++98 -c -Rpass=missed-loop-vectorize -Rpass-analysis=loop-vectorize -funroll-loops -finline-functions -O3 -ffinite-loops -ffast-math -D_REENTRANT -falign-functions=16 -fomit-frame-pointer -fpic -pthread -flto -fuse-ld=lld -fno-stack-protector -march=armv7-a -mcpu=cortex-a15 -mtune=cortex-a7 -mfpu=neon-vfpv4 -mllvm -enable-loop-distribute  conftest.cpp >&5
clang++: warning: argument unused during compilation: '-fuse-ld=lld' [-Wunused-command-line-argument]
conftest.cpp:30:12: error: target of using declaration conflicts with declaration already in scope
   30 | using std::strcmp;
      |            ^
conftest.cpp:25:14: note: target of using declaration
   25 |   extern int strcmp (const char *, const char *);
      |              ^
/data/data/com.termux/files/usr/include/string.h:111:5: note: conflicting declaration
  111 | int strcmp(const char* _Nonnull __lhs, const char* _Nonnull __rhs) __attribute_pure__;
      |     ^
1 error generated.
configure:5787: $? = 1
configure: failed program was:
| /* confdefs.h */
| #define PACKAGE_NAME "ccminer_CPU"
| #define PACKAGE_TARNAME "ccminer"
| #define PACKAGE_VERSION "3.8.3-4"
| #define PACKAGE_STRING "ccminer_CPU 3.8.3-4"
| #define PACKAGE_BUGREPORT ""
| #define PACKAGE_URL "http://github.com/monkins1010/ccminer"
| #define PACKAGE "ccminer"
| #define VERSION "3.8.3-4"
| /* end confdefs.h.  */
| 
| // Does the compiler advertise C++98 conformance?
| #if !defined __cplusplus || __cplusplus < 199711L
| # error "Compiler does not advertise C++98 conformance"
| #endif
| 
| // These inclusions are to reject old compilers that
| // lack the unsuffixed header files.
| #include <cstdlib>
| #include <exception>
| 
| // <cassert> and <cstring> are *not* freestanding headers in C++98.
| extern void assert (int);
| namespace std {
|   extern int strcmp (const char *, const char *);
| }
| 
| // Namespaces, exceptions, and templates were all added after "C++ 2.0".
| using std::exception;
| using std::strcmp;
| 
| namespace {
| 
| void test_exception_syntax()
| {
|   try {
|     throw "test";
|   } catch (const char *s) {
|     // Extra parentheses suppress a warning when building autoconf itself,
|     // due to lint rules shared with more typical C programs.
|     assert (!(strcmp) (s, "test"));
|   }
| }
| 
| template <typename T> struct test_template
| {
|   T const val;
|   explicit test_template(T t) : val(t) {}
|   template <typename U> T add(U u) { return static_cast<T>(u) + val; }
| };
| 
| } // anonymous namespace
| 
| int
| main (int argc, char **argv)
| {
|   int ok = 0;
|   
|   assert (argc);
|   assert (! argv[0]);
| {
|   test_exception_syntax ();
|   test_template<double> tt (2.0);
|   assert (tt.add (4) == 6.0);
|   assert (true && !false);
| }
| 
|   return ok;
| }
| 
configure:5787: clang++ -std=c++98 -c -Rpass=missed-loop-vectorize -Rpass-analysis=loop-vectorize -funroll-loops -finline-functions -O3 -ffinite-loops -ffast-math -D_REENTRANT -falign-functions=16 -fomit-frame-pointer -fpic -pthread -flto -fuse-ld=lld -fno-stack-protector -march=armv7-a -mcpu=cortex-a15 -mtune=cortex-a7 -mfpu=neon-vfpv4 -mllvm -enable-loop-distribute  conftest.cpp >&5
clang++: warning: argument unused during compilation: '-fuse-ld=lld' [-Wunused-command-line-argument]
conftest.cpp:30:12: error: target of using declaration conflicts with declaration already in scope
   30 | using std::strcmp;
      |            ^
conftest.cpp:25:14: note: target of using declaration
   25 |   extern int strcmp (const char *, const char *);
      |              ^
/data/data/com.termux/files/usr/include/string.h:111:5: note: conflicting declaration
  111 | int strcmp(const char* _Nonnull __lhs, const char* _Nonnull __rhs) __attribute_pure__;
      |     ^
1 error generated.
configure:5787: $? = 1
configure: failed program was:
| /* confdefs.h */
| #define PACKAGE_NAME "ccminer_CPU"
| #define PACKAGE_TARNAME "ccminer"
| #define PACKAGE_VERSION "3.8.3-4"
| #define PACKAGE_STRING "ccminer_CPU 3.8.3-4"
| #define PACKAGE_BUGREPORT ""
| #define PACKAGE_URL "http://github.com/monkins1010/ccminer"
| #define PACKAGE "ccminer"
| #define VERSION "3.8.3-4"
| /* end confdefs.h.  */
| 
| // Does the compiler advertise C++98 conformance?
| #if !defined __cplusplus || __cplusplus < 199711L
| # error "Compiler does not advertise C++98 conformance"
| #endif
| 
| // These inclusions are to reject old compilers that
| // lack the unsuffixed header files.
| #include <cstdlib>
| #include <exception>
| 
| // <cassert> and <cstring> are *not* freestanding headers in C++98.
| extern void assert (int);
| namespace std {
|   extern int strcmp (const char *, const char *);
| }
| 
| // Namespaces, exceptions, and templates were all added after "C++ 2.0".
| using std::exception;
| using std::strcmp;
| 
| namespace {
| 
| void test_exception_syntax()
| {
|   try {
|     throw "test";
|   } catch (const char *s) {
|     // Extra parentheses suppress a warning when building autoconf itself,
|     // due to lint rules shared with more typical C programs.
|     assert (!(strcmp) (s, "test"));
|   }
| }
| 
| template <typename T> struct test_template
| {
|   T const val;
|   explicit test_template(T t) : val(t) {}
|   template <typename U> T add(U u) { return static_cast<T>(u) + val; }
| };
| 
| } // anonymous namespace
| 
| int
| main (int argc, char **argv)
| {
|   int ok = 0;
|   
|   assert (argc);
|   assert (! argv[0]);
| {
|   test_exception_syntax ();
|   test_template<double> tt (2.0);
|   assert (tt.add (4) == 6.0);
|   assert (true && !false);
| }
| 
|   return ok;
| }
| 
configure:5787: clang++ -qlanglvl=extended -c -Rpass=missed-loop-vectorize -Rpass-analysis=loop-vectorize -funroll-loops -finline-functions -O3 -ffinite-loops -ffast-math -D_REENTRANT -falign-functions=16 -fomit-frame-pointer -fpic -pthread -flto -fuse-ld=lld -fno-stack-protector -march=armv7-a -mcpu=cortex-a15 -mtune=cortex-a7 -mfpu=neon-vfpv4 -mllvm -enable-loop-distribute  conftest.cpp >&5
clang++: error: unknown argument: '-qlanglvl=extended'
configure:5787: $? = 1
configure: failed program was:
| /* confdefs.h */
| #define PACKAGE_NAME "ccminer_CPU"
| #define PACKAGE_TARNAME "ccminer"
| #define PACKAGE_VERSION "3.8.3-4"
| #define PACKAGE_STRING "ccminer_CPU 3.8.3-4"
| #define PACKAGE_BUGREPORT ""
| #define PACKAGE_URL "http://github.com/monkins1010/ccminer"
| #define PACKAGE "ccminer"
| #define VERSION "3.8.3-4"
| /* end confdefs.h.  */
| 
| // Does the compiler advertise C++98 conformance?
| #if !defined __cplusplus || __cplusplus < 199711L
| # error "Compiler does not advertise C++98 conformance"
| #endif
| 
| // These inclusions are to reject old compilers that
| // lack the unsuffixed header files.
| #include <cstdlib>
| #include <exception>
| 
| // <cassert> and <cstring> are *not* freestanding headers in C++98.
| extern void assert (int);
| namespace std {
|   extern int strcmp (const char *, const char *);
| }
| 
| // Namespaces, exceptions, and templates were all added after "C++ 2.0".
| using std::exception;
| using std::strcmp;
| 
| namespace {
| 
| void test_exception_syntax()
| {
|   try {
|     throw "test";
|   } catch (const char *s) {
|     // Extra parentheses suppress a warning when building autoconf itself,
|     // due to lint rules shared with more typical C programs.
|     assert (!(strcmp) (s, "test"));
|   }
| }
| 
| template <typename T> struct test_template
| {
|   T const val;
|   explicit test_template(T t) : val(t) {}
|   template <typename U> T add(U u) { return static_cast<T>(u) + val; }
| };
| 
| } // anonymous namespace
| 
| int
| main (int argc, char **argv)
| {
|   int ok = 0;
|   
|   assert (argc);
|   assert (! argv[0]);
| {
|   test_exception_syntax ();
|   test_template<double> tt (2.0);
|   assert (tt.add (4) == 6.0);
|   assert (true && !false);
| }
| 
|   return ok;
| }
| 
configure:5787: clang++ -AA -c -Rpass=missed-loop-vectorize -Rpass-analysis=loop-vectorize -funroll-loops -finline-functions -O3 -ffinite-loops -ffast-math -D_REENTRANT -falign-functions=16 -fomit-frame-pointer -fpic -pthread -flto -fuse-ld=lld -fno-stack-protector -march=armv7-a -mcpu=cortex-a15 -mtune=cortex-a7 -mfpu=neon-vfpv4 -mllvm -enable-loop-distribute  conftest.cpp >&5
clang++: warning: argument unused during compilation: '-AA' [-Wunused-command-line-argument]
clang++: warning: argument unused during compilation: '-fuse-ld=lld' [-Wunused-command-line-argument]
conftest.cpp:30:12: error: target of using declaration conflicts with declaration already in scope
   30 | using std::strcmp;
      |            ^
conftest.cpp:25:14: note: target of using declaration
   25 |   extern int strcmp (const char *, const char *);
      |              ^
/data/data/com.termux/files/usr/include/string.h:111:5: note: conflicting declaration
  111 | int strcmp(const char* _Nonnull __lhs, const char* _Nonnull __rhs) __attribute_pure__;
      |     ^
1 error generated.
configure:5787: $? = 1
configure: failed program was:
| /* confdefs.h */
| #define PACKAGE_NAME "ccminer_CPU"
| #define PACKAGE_TARNAME "ccminer"
| #define PACKAGE_VERSION "3.8.3-4"
| #define PACKAGE_STRING "ccminer_CPU 3.8.3-4"
| #define PACKAGE_BUGREPORT ""
| #define PACKAGE_URL "http://github.com/monkins1010/ccminer"
| #define PACKAGE "ccminer"
| #define VERSION "3.8.3-4"
| /* end confdefs.h.  */
| 
| // Does the compiler advertise C++98 conformance?
| #if !defined __cplusplus || __cplusplus < 199711L
| # error "Compiler does not advertise C++98 conformance"
| #endif
| 
| // These inclusions are to reject old compilers that
| // lack the unsuffixed header files.
| #include <cstdlib>
| #include <exception>
| 
| // <cassert> and <cstring> are *not* freestanding headers in C++98.
| extern void assert (int);
| namespace std {
|   extern int strcmp (const char *, const char *);
| }
| 
| // Namespaces, exceptions, and templates were all added after "C++ 2.0".
| using std::exception;
| using std::strcmp;
| 
| namespace {
| 
| void test_exception_syntax()
| {
|   try {
|     throw "test";
|   } catch (const char *s) {
|     // Extra parentheses suppress a warning when building autoconf itself,
|     // due to lint rules shared with more typical C programs.
|     assert (!(strcmp) (s, "test"));
|   }
| }
| 
| template <typename T> struct test_template
| {
|   T const val;
|   explicit test_template(T t) : val(t) {}
|   template <typename U> T add(U u) { return static_cast<T>(u) + val; }
| };
| 
| } // anonymous namespace
| 
| int
| main (int argc, char **argv)
| {
|   int ok = 0;
|   
|   assert (argc);
|   assert (! argv[0]);
| {
|   test_exception_syntax ();
|   test_template<double> tt (2.0);
|   assert (tt.add (4) == 6.0);
|   assert (true && !false);
| }
| 
|   return ok;
| }
| 
configure:5801: result: unsupported
configure:5828: checking dependency style of clang++
configure:5941: result: gcc3
configure:5968: checking for clang option to support OpenMP
configure:5990: clang -c -Rpass=missed-loop-vectorize -Rpass-analysis=loop-vectorize -funroll-loops -finline-functions -O3 -ffinite-loops -ffast-math -D_REENTRANT -falign-functions=16 -fomit-frame-pointer -fpic -pthread -flto -fuse-ld=lld -fno-stack-protector -march=armv7-a -mcpu=cortex-a15 -mtune=cortex-a7 -mfpu=neon-vfpv4 -mllvm -enable-loop-distribute   conftest.c >&5
clang: warning: argument unused during compilation: '-fuse-ld=lld' [-Wunused-command-line-argument]
conftest.c:13:2: error: "OpenMP not supported"
   13 | #error "OpenMP not supported"
      |  ^
1 error generated.
configure:5990: $? = 1
configure: failed program was:
| /* confdefs.h */
| #define PACKAGE_NAME "ccminer_CPU"
| #define PACKAGE_TARNAME "ccminer"
| #define PACKAGE_VERSION "3.8.3-4"
| #define PACKAGE_STRING "ccminer_CPU 3.8.3-4"
| #define PACKAGE_BUGREPORT ""
| #define PACKAGE_URL "http://github.com/monkins1010/ccminer"
| #define PACKAGE "ccminer"
| #define VERSION "3.8.3-4"
| /* end confdefs.h.  */
| 
| #ifndef _OPENMP
| #error "OpenMP not supported"
| #endif
| #include <omp.h>
| int main (void) { return omp_get_num_threads (); }
| 
configure:5990: clang -c -Rpass=missed-loop-vectorize -Rpass-analysis=loop-vectorize -funroll-loops -finline-functions -O3 -ffinite-loops -ffast-math -D_REENTRANT -falign-functions=16 -fomit-frame-pointer -fpic -pthread -flto -fuse-ld=lld -fno-stack-protector -march=armv7-a -mcpu=cortex-a15 -mtune=cortex-a7 -mfpu=neon-vfpv4 -mllvm -enable-loop-distribute -fopenmp  conftest.c >&5
clang: warning: argument unused during compilation: '-fuse-ld=lld' [-Wunused-command-line-argument]
configure:5990: $? = 0
configure:6002: clang -o conftest -Rpass=missed-loop-vectorize -Rpass-analysis=loop-vectorize -funroll-loops -finline-functions -O3 -ffinite-loops -ffast-math -D_REENTRANT -falign-functions=16 -fomit-frame-pointer -fpic -pthread -flto -fuse-ld=lld -fno-stack-protector -march=armv7-a -mcpu=cortex-a15 -mtune=cortex-a7 -mfpu=neon-vfpv4 -mllvm -enable-loop-distribute -fopenmp  -v -flto -Wl,-z,relro,-z,now conftest.c  >&5
clang version 19.1.7
Target: armv7a-unknown-linux-android24
Thread model: posix
InstalledDir: /data/data/com.termux/files/usr/bin
 "/data/data/com.termux/files/usr/bin/clang-19" -cc1 -triple armv7-unknown-linux-android24 -emit-llvm-bc -flto=full -flto-unit -dumpdir conftest- -disable-free -clear-ast-before-backend -disable-llvm-verifier -discard-value-names -main-file-name conftest.c -function-alignment 4 -mrelocation-model pic -pic-level 1 -fhalf-no-semantic-interposition -mframe-pointer=none -menable-no-infs -menable-no-nans -fapprox-func -funsafe-math-optimizations -fno-signed-zeros -mreassociate -freciprocal-math -ffp-contract=fast -fno-rounding-math -ffast-math -ffinite-math-only -complex-range=basic -mconstructor-aliases -target-cpu cortex-a15 -target-feature +soft-float-abi -target-feature -crc -target-feature -dotprod -target-feature +dsp -target-feature -mve -target-feature -mve.fp -target-feature -ras -target-feature -bf16 -target-feature -sb -target-feature -i8mm -target-feature -lob -target-feature -cdecp0 -target-feature -cdecp1 -target-feature -cdecp2 -target-feature -cdecp3 -target-feature -cdecp4 -target-feature -cdecp5 -target-feature -cdecp6 -target-feature -cdecp7 -target-feature -pacbti -target-feature +hwdiv-arm -target-feature +hwdiv -target-feature +vfp2 -target-feature +vfp2sp -target-feature +vfp3 -target-feature +vfp3d16 -target-feature +vfp3d16sp -target-feature +vfp3sp -target-feature +fp16 -target-feature +vfp4 -target-feature +vfp4d16 -target-feature +vfp4d16sp -target-feature +vfp4sp -target-feature -fp-armv8 -target-feature -fp-armv8d16 -target-feature -fp-armv8d16sp -target-feature -fp-armv8sp -target-feature -fullfp16 -target-feature +fp64 -target-feature +d32 -target-feature +neon -target-feature -fp16fml -target-feature -crypto -target-feature -sha2 -target-feature -aes -target-abi aapcs-linux -mfloat-abi soft -debugger-tuning=gdb -fdebug-compilation-dir=/data/data/com.termux/files/home/ccminer -v -fcoverage-compilation-dir=/data/data/com.termux/files/home/ccminer -resource-dir /data/data/com.termux/files/usr/lib/clang/19 -D _REENTRANT -isysroot /data/data/com.termux/files -internal-isystem /data/data/com.termux/files/usr/lib/clang/19/include -internal-isystem /data/data/com.termux/files/usr/local/include -internal-externc-isystem /data/data/com.termux/files/usr/include/arm-linux-androideabi -internal-externc-isystem /data/data/com.termux/files/include -internal-externc-isystem /data/data/com.termux/files/usr/include -O3 -Rpass=missed-loop-vectorize -Rpass-analysis=loop-vectorize -ferror-limit 19 -femulated-tls -fopenmp -ffinite-loops -funroll-loops -pthread -fno-signed-char -fgnuc-version=4.2.1 -finline-functions -fskip-odr-check-in-gmf -vectorize-loops -vectorize-slp -mllvm -enable-loop-distribute -o /data/data/com.termux/files/usr/tmp/conftest-67a36c.o -x c conftest.c
clang -cc1 version 19.1.7 based upon LLVM 19.1.7 default target armv7a-unknown-linux-androideabi24
ignoring nonexistent directory "/data/data/com.termux/files/usr/local/include"
ignoring nonexistent directory "/data/data/com.termux/files/include"
#include "..." search starts here:
#include <...> search starts here:
 /data/data/com.termux/files/usr/lib/clang/19/include
 /data/data/com.termux/files/usr/include/arm-linux-androideabi
 /data/data/com.termux/files/usr/include
End of search list.
 "/data/data/com.termux/files/usr/bin/ld.lld" --sysroot=/data/data/com.termux/files -EL -z now -z relro -z max-page-size=4096 -X --hash-style=gnu -rpath=/data/data/com.termux/files/usr/lib --eh-frame-hdr -m armelf_linux_eabi -pie -dynamic-linker /system/bin/linker -o conftest /data/data/com.termux/files/usr/lib/crtbegin_dynamic.o -L/data/data/com.termux/files/usr/lib -L/system/lib -plugin-opt=mcpu=cortex-a15 -plugin-opt=O3 -plugin-opt=-emulated-tls -plugin-opt=-pass-remarks=missed-loop-vectorize -plugin-opt=-pass-remarks-analysis=loop-vectorize -z relro -z now /data/data/com.termux/files/usr/tmp/conftest-67a36c.o -lomp -L/data/data/com.termux/files/usr/lib /data/data/com.termux/files/usr/lib/clang/19/lib/linux/libclang_rt.builtins-arm-android.a -l:libunwind.a -ldl -lc /data/data/com.termux/files/usr/lib/clang/19/lib/linux/libclang_rt.builtins-arm-android.a -l:libunwind.a -ldl /data/data/com.termux/files/usr/lib/crtend_android.o
configure:6002: $? = 0
configure:6027: result: -fopenmp
configure:6041: checking for stdio.h
configure:6041: clang -c -Rpass=missed-loop-vectorize -Rpass-analysis=loop-vectorize -funroll-loops -finline-functions -O3 -ffinite-loops -ffast-math -D_REENTRANT -falign-functions=16 -fomit-frame-pointer -fpic -pthread -flto -fuse-ld=lld -fno-stack-protector -march=armv7-a -mcpu=cortex-a15 -mtune=cortex-a7 -mfpu=neon-vfpv4 -mllvm -enable-loop-distribute  conftest.c >&5
clang: warning: argument unused during compilation: '-fuse-ld=lld' [-Wunused-command-line-argument]
configure:6041: $? = 0
configure:6041: result: yes
configure:6041: checking for stdlib.h
configure:6041: clang -c -Rpass=missed-loop-vectorize -Rpass-analysis=loop-vectorize -funroll-loops -finline-functions -O3 -ffinite-loops -ffast-math -D_REENTRANT -falign-functions=16 -fomit-frame-pointer -fpic -pthread -flto -fuse-ld=lld -fno-stack-protector -march=armv7-a -mcpu=cortex-a15 -mtune=cortex-a7 -mfpu=neon-vfpv4 -mllvm -enable-loop-distribute  conftest.c >&5
clang: warning: argument unused during compilation: '-fuse-ld=lld' [-Wunused-command-line-argument]
configure:6041: $? = 0
configure:6041: result: yes
configure:6041: checking for string.h
configure:6041: clang -c -Rpass=missed-loop-vectorize -Rpass-analysis=loop-vectorize -funroll-loops -finline-functions -O3 -ffinite-loops -ffast-math -D_REENTRANT -falign-functions=16 -fomit-frame-pointer -fpic -pthread -flto -fuse-ld=lld -fno-stack-protector -march=armv7-a -mcpu=cortex-a15 -mtune=cortex-a7 -mfpu=neon-vfpv4 -mllvm -enable-loop-distribute  conftest.c >&5
clang: warning: argument unused during compilation: '-fuse-ld=lld' [-Wunused-command-line-argument]
configure:6041: $? = 0
configure:6041: result: yes
configure:6041: checking for inttypes.h
configure:6041: clang -c -Rpass=missed-loop-vectorize -Rpass-analysis=loop-vectorize -funroll-loops -finline-functions -O3 -ffinite-loops -ffast-math -D_REENTRANT -falign-functions=16 -fomit-frame-pointer -fpic -pthread -flto -fuse-ld=lld -fno-stack-protector -march=armv7-a -mcpu=cortex-a15 -mtune=cortex-a7 -mfpu=neon-vfpv4 -mllvm -enable-loop-distribute  conftest.c >&5
clang: warning: argument unused during compilation: '-fuse-ld=lld' [-Wunused-command-line-argument]
configure:6041: $? = 0
configure:6041: result: yes
configure:6041: checking for stdint.h
configure:6041: clang -c -Rpass=missed-loop-vectorize -Rpass-analysis=loop-vectorize -funroll-loops -finline-functions -O3 -ffinite-loops -ffast-math -D_REENTRANT -falign-functions=16 -fomit-frame-pointer -fpic -pthread -flto -fuse-ld=lld -fno-stack-protector -march=armv7-a -mcpu=cortex-a15 -mtune=cortex-a7 -mfpu=neon-vfpv4 -mllvm -enable-loop-distribute  conftest.c >&5
clang: warning: argument unused during compilation: '-fuse-ld=lld' [-Wunused-command-line-argument]
configure:6041: $? = 0
configure:6041: result: yes
configure:6041: checking for strings.h
configure:6041: clang -c -Rpass=missed-loop-vectorize -Rpass-analysis=loop-vectorize -funroll-loops -finline-functions -O3 -ffinite-loops -ffast-math -D_REENTRANT -falign-functions=16 -fomit-frame-pointer -fpic -pthread -flto -fuse-ld=lld -fno-stack-protector -march=armv7-a -mcpu=cortex-a15 -mtune=cortex-a7 -mfpu=neon-vfpv4 -mllvm -enable-loop-distribute  conftest.c >&5
clang: warning: argument unused during compilation: '-fuse-ld=lld' [-Wunused-command-line-argument]
configure:6041: $? = 0
configure:6041: result: yes
configure:6041: checking for sys/stat.h
configure:6041: clang -c -Rpass=missed-loop-vectorize -Rpass-analysis=loop-vectorize -funroll-loops -finline-functions -O3 -ffinite-loops -ffast-math -D_REENTRANT -falign-functions=16 -fomit-frame-pointer -fpic -pthread -flto -fuse-ld=lld -fno-stack-protector -march=armv7-a -mcpu=cortex-a15 -mtune=cortex-a7 -mfpu=neon-vfpv4 -mllvm -enable-loop-distribute  conftest.c >&5
clang: warning: argument unused during compilation: '-fuse-ld=lld' [-Wunused-command-line-argument]
configure:6041: $? = 0
configure:6041: result: yes
configure:6041: checking for sys/types.h
configure:6041: clang -c -Rpass=missed-loop-vectorize -Rpass-analysis=loop-vectorize -funroll-loops -finline-functions -O3 -ffinite-loops -ffast-math -D_REENTRANT -falign-functions=16 -fomit-frame-pointer -fpic -pthread -flto -fuse-ld=lld -fno-stack-protector -march=armv7-a -mcpu=cortex-a15 -mtune=cortex-a7 -mfpu=neon-vfpv4 -mllvm -enable-loop-distribute  conftest.c >&5
clang: warning: argument unused during compilation: '-fuse-ld=lld' [-Wunused-command-line-argument]
configure:6041: $? = 0
configure:6041: result: yes
configure:6041: checking for unistd.h
configure:6041: clang -c -Rpass=missed-loop-vectorize -Rpass-analysis=loop-vectorize -funroll-loops -finline-functions -O3 -ffinite-loops -ffast-math -D_REENTRANT -falign-functions=16 -fomit-frame-pointer -fpic -pthread -flto -fuse-ld=lld -fno-stack-protector -march=armv7-a -mcpu=cortex-a15 -mtune=cortex-a7 -mfpu=neon-vfpv4 -mllvm -enable-loop-distribute  conftest.c >&5
clang: warning: argument unused during compilation: '-fuse-ld=lld' [-Wunused-command-line-argument]
configure:6041: $? = 0
configure:6041: result: yes
configure:6066: checking for grep that handles long lines and -e
configure:6132: result: /data/data/com.termux/files/usr/bin/grep
configure:6140: checking for egrep
configure:6210: result: /data/data/com.termux/files/usr/bin/grep -E
configure:6218: checking for sys/endian.h
configure:6218: clang -c -Rpass=missed-loop-vectorize -Rpass-analysis=loop-vectorize -funroll-loops -finline-functions -O3 -ffinite-loops -ffast-math -D_REENTRANT -falign-functions=16 -fomit-frame-pointer -fpic -pthread -flto -fuse-ld=lld -fno-stack-protector -march=armv7-a -mcpu=cortex-a15 -mtune=cortex-a7 -mfpu=neon-vfpv4 -mllvm -enable-loop-distribute  conftest.c >&5
clang: warning: argument unused during compilation: '-fuse-ld=lld' [-Wunused-command-line-argument]
configure:6218: $? = 0
configure:6218: result: yes
configure:6224: checking for sys/param.h
configure:6224: clang -c -Rpass=missed-loop-vectorize -Rpass-analysis=loop-vectorize -funroll-loops -finline-functions -O3 -ffinite-loops -ffast-math -D_REENTRANT -falign-functions=16 -fomit-frame-pointer -fpic -pthread -flto -fuse-ld=lld -fno-stack-protector -march=armv7-a -mcpu=cortex-a15 -mtune=cortex-a7 -mfpu=neon-vfpv4 -mllvm -enable-loop-distribute  conftest.c >&5
clang: warning: argument unused during compilation: '-fuse-ld=lld' [-Wunused-command-line-argument]
configure:6224: $? = 0
configure:6224: result: yes
configure:6230: checking for syslog.h
configure:6230: clang -c -Rpass=missed-loop-vectorize -Rpass-analysis=loop-vectorize -funroll-loops -finline-functions -O3 -ffinite-loops -ffast-math -D_REENTRANT -falign-functions=16 -fomit-frame-pointer -fpic -pthread -flto -fuse-ld=lld -fno-stack-protector -march=armv7-a -mcpu=cortex-a15 -mtune=cortex-a7 -mfpu=neon-vfpv4 -mllvm -enable-loop-distribute  conftest.c >&5
clang: warning: argument unused during compilation: '-fuse-ld=lld' [-Wunused-command-line-argument]
configure:6230: $? = 0
configure:6230: result: yes
configure:6239: checking for sys/sysctl.h
configure:6239: clang -c -Rpass=missed-loop-vectorize -Rpass-analysis=loop-vectorize -funroll-loops -finline-functions -O3 -ffinite-loops -ffast-math -D_REENTRANT -falign-functions=16 -fomit-frame-pointer -fpic -pthread -flto -fuse-ld=lld -fno-stack-protector -march=armv7-a -mcpu=cortex-a15 -mtune=cortex-a7 -mfpu=neon-vfpv4 -mllvm -enable-loop-distribute  conftest.c >&5
clang: warning: argument unused during compilation: '-fuse-ld=lld' [-Wunused-command-line-argument]
conftest.c:30:10: fatal error: 'sys/sysctl.h' file not found
   30 | #include <sys/sysctl.h>
      |          ^~~~~~~~~~~~~~
1 error generated.
configure:6239: $? = 1
configure: failed program was:
| /* confdefs.h */
| #define PACKAGE_NAME "ccminer_CPU"
| #define PACKAGE_TARNAME "ccminer"
| #define PACKAGE_VERSION "3.8.3-4"
| #define PACKAGE_STRING "ccminer_CPU 3.8.3-4"
| #define PACKAGE_BUGREPORT ""
| #define PACKAGE_URL "http://github.com/monkins1010/ccminer"
| #define PACKAGE "ccminer"
| #define VERSION "3.8.3-4"
| #define HAVE_STDIO_H 1
| #define HAVE_STDLIB_H 1
| #define HAVE_STRING_H 1
| #define HAVE_INTTYPES_H 1
| #define HAVE_STDINT_H 1
| #define HAVE_STRINGS_H 1
| #define HAVE_SYS_STAT_H 1
| #define HAVE_SYS_TYPES_H 1
| #define HAVE_UNISTD_H 1
| #define STDC_HEADERS 1
| #define HAVE_SYS_ENDIAN_H 1
| #define HAVE_SYS_PARAM_H 1
| #define HAVE_SYSLOG_H 1
| /* end confdefs.h.  */
| #include <sys/types.h>
| #ifdef HAVE_SYS_PARAM_H
| #include <sys/param.h>
| #endif
| 
| 
| #include <sys/sysctl.h>
configure:6239: result: no
configure:6252: checking for clang options needed to detect all undeclared functions
configure:6274: clang -c -Rpass=missed-loop-vectorize -Rpass-analysis=loop-vectorize -funroll-loops -finline-functions -O3 -ffinite-loops -ffast-math -D_REENTRANT -falign-functions=16 -fomit-frame-pointer -fpic -pthread -flto -fuse-ld=lld -fno-stack-protector -march=armv7-a -mcpu=cortex-a15 -mtune=cortex-a7 -mfpu=neon-vfpv4 -mllvm -enable-loop-distribute   conftest.c >&5
clang: warning: argument unused during compilation: '-fuse-ld=lld' [-Wunused-command-line-argument]
conftest.c:28:8: error: call to undeclared library function 'strchr' with type 'char *(const char *, int)'; ISO C99 and later do not support implicit function declarations [-Wimplicit-function-declaration]
   28 | (void) strchr;
      |        ^
conftest.c:28:8: note: include the header <string.h> or explicitly provide a declaration for 'strchr'
1 error generated.
configure:6274: $? = 1
configure: failed program was:
| /* confdefs.h */
| #define PACKAGE_NAME "ccminer_CPU"
| #define PACKAGE_TARNAME "ccminer"
| #define PACKAGE_VERSION "3.8.3-4"
| #define PACKAGE_STRING "ccminer_CPU 3.8.3-4"
| #define PACKAGE_BUGREPORT ""
| #define PACKAGE_URL "http://github.com/monkins1010/ccminer"
| #define PACKAGE "ccminer"
| #define VERSION "3.8.3-4"
| #define HAVE_STDIO_H 1
| #define HAVE_STDLIB_H 1
| #define HAVE_STRING_H 1
| #define HAVE_INTTYPES_H 1
| #define HAVE_STDINT_H 1
| #define HAVE_STRINGS_H 1
| #define HAVE_SYS_STAT_H 1
| #define HAVE_SYS_TYPES_H 1
| #define HAVE_UNISTD_H 1
| #define STDC_HEADERS 1
| #define HAVE_SYS_ENDIAN_H 1
| #define HAVE_SYS_PARAM_H 1
| #define HAVE_SYSLOG_H 1
| /* end confdefs.h.  */
| 
| int
| main (void)
| {
| (void) strchr;
|   ;
|   return 0;
| }
configure:6301: clang -c -Rpass=missed-loop-vectorize -Rpass-analysis=loop-vectorize -funroll-loops -finline-functions -O3 -ffinite-loops -ffast-math -D_REENTRANT -falign-functions=16 -fomit-frame-pointer -fpic -pthread -flto -fuse-ld=lld -fno-stack-protector -march=armv7-a -mcpu=cortex-a15 -mtune=cortex-a7 -mfpu=neon-vfpv4 -mllvm -enable-loop-distribute   conftest.c >&5
clang: warning: argument unused during compilation: '-fuse-ld=lld' [-Wunused-command-line-argument]
configure:6301: $? = 0
configure:6321: result: none needed
configure:6335: checking whether be32dec is declared
configure:6335: clang -c -Rpass=missed-loop-vectorize -Rpass-analysis=loop-vectorize -funroll-loops -finline-functions -O3 -ffinite-loops -ffast-math -D_REENTRANT -falign-functions=16 -fomit-frame-pointer -fpic -pthread -flto -fuse-ld=lld -fno-stack-protector -march=armv7-a -mcpu=cortex-a15 -mtune=cortex-a7 -mfpu=neon-vfpv4 -mllvm -enable-loop-distribute   conftest.c >&5
clang: warning: argument unused during compilation: '-fuse-ld=lld' [-Wunused-command-line-argument]
conftest.c:64:10: error: use of undeclared identifier 'be32dec'
   64 |   (void) be32dec;
      |          ^
1 error generated.
configure:6335: $? = 1
configure: failed program was:
| /* confdefs.h */
| #define PACKAGE_NAME "ccminer_CPU"
| #define PACKAGE_TARNAME "ccminer"
| #define PACKAGE_VERSION "3.8.3-4"
| #define PACKAGE_STRING "ccminer_CPU 3.8.3-4"
| #define PACKAGE_BUGREPORT ""
| #define PACKAGE_URL "http://github.com/monkins1010/ccminer"
| #define PACKAGE "ccminer"
| #define VERSION "3.8.3-4"
| #define HAVE_STDIO_H 1
| #define HAVE_STDLIB_H 1
| #define HAVE_STRING_H 1
| #define HAVE_INTTYPES_H 1
| #define HAVE_STDINT_H 1
| #define HAVE_STRINGS_H 1
| #define HAVE_SYS_STAT_H 1
| #define HAVE_SYS_TYPES_H 1
| #define HAVE_UNISTD_H 1
| #define STDC_HEADERS 1
| #define HAVE_SYS_ENDIAN_H 1
| #define HAVE_SYS_PARAM_H 1
| #define HAVE_SYSLOG_H 1
| /* end confdefs.h.  */
| #include <stddef.h>
| #ifdef HAVE_STDIO_H
| # include <stdio.h>
| #endif
| #ifdef HAVE_STDLIB_H
| # include <stdlib.h>
| #endif
| #ifdef HAVE_STRING_H
| # include <string.h>
| #endif
| #ifdef HAVE_INTTYPES_H
| # include <inttypes.h>
| #endif
| #ifdef HAVE_STDINT_H
| # include <stdint.h>
| #endif
| #ifdef HAVE_STRINGS_H
| # include <strings.h>
| #endif
| #ifdef HAVE_SYS_TYPES_H
| # include <sys/types.h>
| #endif
| #ifdef HAVE_SYS_STAT_H
| # include <sys/stat.h>
| #endif
| #ifdef HAVE_UNISTD_H
| # include <unistd.h>
| #endif
| #ifdef HAVE_SYS_ENDIAN_H
| #include <sys/endian.h>
| #endif
| 
| 
| int
| main (void)
| {
| #ifndef be32dec
| #ifdef __cplusplus
|   (void) be32dec;
| #else
|   (void) be32dec;
| #endif
| #endif
| 
|   ;
|   return 0;
| }
configure:6335: result: no
configure:6349: checking whether le32dec is declared
configure:6349: clang -c -Rpass=missed-loop-vectorize -Rpass-analysis=loop-vectorize -funroll-loops -finline-functions -O3 -ffinite-loops -ffast-math -D_REENTRANT -falign-functions=16 -fomit-frame-pointer -fpic -pthread -flto -fuse-ld=lld -fno-stack-protector -march=armv7-a -mcpu=cortex-a15 -mtune=cortex-a7 -mfpu=neon-vfpv4 -mllvm -enable-loop-distribute   conftest.c >&5
clang: warning: argument unused during compilation: '-fuse-ld=lld' [-Wunused-command-line-argument]
conftest.c:65:10: error: use of undeclared identifier 'le32dec'
   65 |   (void) le32dec;
      |          ^
1 error generated.
configure:6349: $? = 1
configure: failed program was:
| /* confdefs.h */
| #define PACKAGE_NAME "ccminer_CPU"
| #define PACKAGE_TARNAME "ccminer"
| #define PACKAGE_VERSION "3.8.3-4"
| #define PACKAGE_STRING "ccminer_CPU 3.8.3-4"
| #define PACKAGE_BUGREPORT ""
| #define PACKAGE_URL "http://github.com/monkins1010/ccminer"
| #define PACKAGE "ccminer"
| #define VERSION "3.8.3-4"
| #define HAVE_STDIO_H 1
| #define HAVE_STDLIB_H 1
| #define HAVE_STRING_H 1
| #define HAVE_INTTYPES_H 1
| #define HAVE_STDINT_H 1
| #define HAVE_STRINGS_H 1
| #define HAVE_SYS_STAT_H 1
| #define HAVE_SYS_TYPES_H 1
| #define HAVE_UNISTD_H 1
| #define STDC_HEADERS 1
| #define HAVE_SYS_ENDIAN_H 1
| #define HAVE_SYS_PARAM_H 1
| #define HAVE_SYSLOG_H 1
| #define HAVE_DECL_BE32DEC 0
| /* end confdefs.h.  */
| #include <stddef.h>
| #ifdef HAVE_STDIO_H
| # include <stdio.h>
| #endif
| #ifdef HAVE_STDLIB_H
| # include <stdlib.h>
| #endif
| #ifdef HAVE_STRING_H
| # include <string.h>
| #endif
| #ifdef HAVE_INTTYPES_H
| # include <inttypes.h>
| #endif
| #ifdef HAVE_STDINT_H
| # include <stdint.h>
| #endif
| #ifdef HAVE_STRINGS_H
| # include <strings.h>
| #endif
| #ifdef HAVE_SYS_TYPES_H
| # include <sys/types.h>
| #endif
| #ifdef HAVE_SYS_STAT_H
| # include <sys/stat.h>
| #endif
| #ifdef HAVE_UNISTD_H
| # include <unistd.h>
| #endif
| #ifdef HAVE_SYS_ENDIAN_H
| #include <sys/endian.h>
| #endif
| 
| 
| int
| main (void)
| {
| #ifndef le32dec
| #ifdef __cplusplus
|   (void) le32dec;
| #else
|   (void) le32dec;
| #endif
| #endif
| 
|   ;
|   return 0;
| }
configure:6349: result: no
configure:6363: checking whether be32enc is declared
configure:6363: clang -c -Rpass=missed-loop-vectorize -Rpass-analysis=loop-vectorize -funroll-loops -finline-functions -O3 -ffinite-loops -ffast-math -D_REENTRANT -falign-functions=16 -fomit-frame-pointer -fpic -pthread -flto -fuse-ld=lld -fno-stack-protector -march=armv7-a -mcpu=cortex-a15 -mtune=cortex-a7 -mfpu=neon-vfpv4 -mllvm -enable-loop-distribute   conftest.c >&5
clang: warning: argument unused during compilation: '-fuse-ld=lld' [-Wunused-command-line-argument]
conftest.c:66:10: error: use of undeclared identifier 'be32enc'
   66 |   (void) be32enc;
      |          ^
1 error generated.
configure:6363: $? = 1
configure: failed program was:
| /* confdefs.h */
| #define PACKAGE_NAME "ccminer_CPU"
| #define PACKAGE_TARNAME "ccminer"
| #define PACKAGE_VERSION "3.8.3-4"
| #define PACKAGE_STRING "ccminer_CPU 3.8.3-4"
| #define PACKAGE_BUGREPORT ""
| #define PACKAGE_URL "http://github.com/monkins1010/ccminer"
| #define PACKAGE "ccminer"
| #define VERSION "3.8.3-4"
| #define HAVE_STDIO_H 1
| #define HAVE_STDLIB_H 1
| #define HAVE_STRING_H 1
| #define HAVE_INTTYPES_H 1
| #define HAVE_STDINT_H 1
| #define HAVE_STRINGS_H 1
| #define HAVE_SYS_STAT_H 1
| #define HAVE_SYS_TYPES_H 1
| #define HAVE_UNISTD_H 1
| #define STDC_HEADERS 1
| #define HAVE_SYS_ENDIAN_H 1
| #define HAVE_SYS_PARAM_H 1
| #define HAVE_SYSLOG_H 1
| #define HAVE_DECL_BE32DEC 0
| #define HAVE_DECL_LE32DEC 0
| /* end confdefs.h.  */
| #include <stddef.h>
| #ifdef HAVE_STDIO_H
| # include <stdio.h>
| #endif
| #ifdef HAVE_STDLIB_H
| # include <stdlib.h>
| #endif
| #ifdef HAVE_STRING_H
| # include <string.h>
| #endif
| #ifdef HAVE_INTTYPES_H
| # include <inttypes.h>
| #endif
| #ifdef HAVE_STDINT_H
| # include <stdint.h>
| #endif
| #ifdef HAVE_STRINGS_H
| # include <strings.h>
| #endif
| #ifdef HAVE_SYS_TYPES_H
| # include <sys/types.h>
| #endif
| #ifdef HAVE_SYS_STAT_H
| # include <sys/stat.h>
| #endif
| #ifdef HAVE_UNISTD_H
| # include <unistd.h>
| #endif
| #ifdef HAVE_SYS_ENDIAN_H
| #include <sys/endian.h>
| #endif
| 
| 
| int
| main (void)
| {
| #ifndef be32enc
| #ifdef __cplusplus
|   (void) be32enc;
| #else
|   (void) be32enc;
| #endif
| #endif
| 
|   ;
|   return 0;
| }
configure:6363: result: no
configure:6377: checking whether le32enc is declared
configure:6377: clang -c -Rpass=missed-loop-vectorize -Rpass-analysis=loop-vectorize -funroll-loops -finline-functions -O3 -ffinite-loops -ffast-math -D_REENTRANT -falign-functions=16 -fomit-frame-pointer -fpic -pthread -flto -fuse-ld=lld -fno-stack-protector -march=armv7-a -mcpu=cortex-a15 -mtune=cortex-a7 -mfpu=neon-vfpv4 -mllvm -enable-loop-distribute   conftest.c >&5
clang: warning: argument unused during compilation: '-fuse-ld=lld' [-Wunused-command-line-argument]
conftest.c:67:10: error: use of undeclared identifier 'le32enc'
   67 |   (void) le32enc;
      |          ^
1 error generated.
configure:6377: $? = 1
configure: failed program was:
| /* confdefs.h */
| #define PACKAGE_NAME "ccminer_CPU"
| #define PACKAGE_TARNAME "ccminer"
| #define PACKAGE_VERSION "3.8.3-4"
| #define PACKAGE_STRING "ccminer_CPU 3.8.3-4"
| #define PACKAGE_BUGREPORT ""
| #define PACKAGE_URL "http://github.com/monkins1010/ccminer"
| #define PACKAGE "ccminer"
| #define VERSION "3.8.3-4"
| #define HAVE_STDIO_H 1
| #define HAVE_STDLIB_H 1
| #define HAVE_STRING_H 1
| #define HAVE_INTTYPES_H 1
| #define HAVE_STDINT_H 1
| #define HAVE_STRINGS_H 1
| #define HAVE_SYS_STAT_H 1
| #define HAVE_SYS_TYPES_H 1
| #define HAVE_UNISTD_H 1
| #define STDC_HEADERS 1
| #define HAVE_SYS_ENDIAN_H 1
| #define HAVE_SYS_PARAM_H 1
| #define HAVE_SYSLOG_H 1
| #define HAVE_DECL_BE32DEC 0
| #define HAVE_DECL_LE32DEC 0
| #define HAVE_DECL_BE32ENC 0
| /* end confdefs.h.  */
| #include <stddef.h>
| #ifdef HAVE_STDIO_H
| # include <stdio.h>
| #endif
| #ifdef HAVE_STDLIB_H
| # include <stdlib.h>
| #endif
| #ifdef HAVE_STRING_H
| # include <string.h>
| #endif
| #ifdef HAVE_INTTYPES_H
| # include <inttypes.h>
| #endif
| #ifdef HAVE_STDINT_H
| # include <stdint.h>
| #endif
| #ifdef HAVE_STRINGS_H
| # include <strings.h>
| #endif
| #ifdef HAVE_SYS_TYPES_H
| # include <sys/types.h>
| #endif
| #ifdef HAVE_SYS_STAT_H
| # include <sys/stat.h>
| #endif
| #ifdef HAVE_UNISTD_H
| # include <unistd.h>
| #endif
| #ifdef HAVE_SYS_ENDIAN_H
| #include <sys/endian.h>
| #endif
| 
| 
| int
| main (void)
| {
| #ifndef le32enc
| #ifdef __cplusplus
|   (void) le32enc;
| #else
|   (void) le32enc;
| #endif
| #endif
| 
|   ;
|   return 0;
| }
configure:6377: result: no
configure:6393: checking for size_t
configure:6393: clang -c -Rpass=missed-loop-vectorize -Rpass-analysis=loop-vectorize -funroll-loops -finline-functions -O3 -ffinite-loops -ffast-math -D_REENTRANT -falign-functions=16 -fomit-frame-pointer -fpic -pthread -flto -fuse-ld=lld -fno-stack-protector -march=armv7-a -mcpu=cortex-a15 -mtune=cortex-a7 -mfpu=neon-vfpv4 -mllvm -enable-loop-distribute  conftest.c >&5
clang: warning: argument unused during compilation: '-fuse-ld=lld' [-Wunused-command-line-argument]
configure:6393: $? = 0
configure:6393: clang -c -Rpass=missed-loop-vectorize -Rpass-analysis=loop-vectorize -funroll-loops -finline-functions -O3 -ffinite-loops -ffast-math -D_REENTRANT -falign-functions=16 -fomit-frame-pointer -fpic -pthread -flto -fuse-ld=lld -fno-stack-protector -march=armv7-a -mcpu=cortex-a15 -mtune=cortex-a7 -mfpu=neon-vfpv4 -mllvm -enable-loop-distribute  conftest.c >&5
clang: warning: argument unused during compilation: '-fuse-ld=lld' [-Wunused-command-line-argument]
conftest.c:59:21: error: expected expression
   59 | if (sizeof ((size_t)))
      |                     ^
1 error generated.
configure:6393: $? = 1
configure: failed program was:
| /* confdefs.h */
| #define PACKAGE_NAME "ccminer_CPU"
| #define PACKAGE_TARNAME "ccminer"
| #define PACKAGE_VERSION "3.8.3-4"
| #define PACKAGE_STRING "ccminer_CPU 3.8.3-4"
| #define PACKAGE_BUGREPORT ""
| #define PACKAGE_URL "http://github.com/monkins1010/ccminer"
| #define PACKAGE "ccminer"
| #define VERSION "3.8.3-4"
| #define HAVE_STDIO_H 1
| #define HAVE_STDLIB_H 1
| #define HAVE_STRING_H 1
| #define HAVE_INTTYPES_H 1
| #define HAVE_STDINT_H 1
| #define HAVE_STRINGS_H 1
| #define HAVE_SYS_STAT_H 1
| #define HAVE_SYS_TYPES_H 1
| #define HAVE_UNISTD_H 1
| #define STDC_HEADERS 1
| #define HAVE_SYS_ENDIAN_H 1
| #define HAVE_SYS_PARAM_H 1
| #define HAVE_SYSLOG_H 1
| #define HAVE_DECL_BE32DEC 0
| #define HAVE_DECL_LE32DEC 0
| #define HAVE_DECL_BE32ENC 0
| #define HAVE_DECL_LE32ENC 0
| /* end confdefs.h.  */
| #include <stddef.h>
| #ifdef HAVE_STDIO_H
| # include <stdio.h>
| #endif
| #ifdef HAVE_STDLIB_H
| # include <stdlib.h>
| #endif
| #ifdef HAVE_STRING_H
| # include <string.h>
| #endif
| #ifdef HAVE_INTTYPES_H
| # include <inttypes.h>
| #endif
| #ifdef HAVE_STDINT_H
| # include <stdint.h>
| #endif
| #ifdef HAVE_STRINGS_H
| # include <strings.h>
| #endif
| #ifdef HAVE_SYS_TYPES_H
| # include <sys/types.h>
| #endif
| #ifdef HAVE_SYS_STAT_H
| # include <sys/stat.h>
| #endif
| #ifdef HAVE_UNISTD_H
| # include <unistd.h>
| #endif
| int
| main (void)
| {
| if (sizeof ((size_t)))
| 	    return 0;
|   ;
|   return 0;
| }
configure:6393: result: yes
configure:6406: checking for working alloca.h
configure:6424: clang -o conftest -Rpass=missed-loop-vectorize -Rpass-analysis=loop-vectorize -funroll-loops -finline-functions -O3 -ffinite-loops -ffast-math -D_REENTRANT -falign-functions=16 -fomit-frame-pointer -fpic -pthread -flto -fuse-ld=lld -fno-stack-protector -march=armv7-a -mcpu=cortex-a15 -mtune=cortex-a7 -mfpu=neon-vfpv4 -mllvm -enable-loop-distribute  -v -flto -Wl,-z,relro,-z,now conftest.c  >&5
clang version 19.1.7
Target: armv7a-unknown-linux-android24
Thread model: posix
InstalledDir: /data/data/com.termux/files/usr/bin
 "/data/data/com.termux/files/usr/bin/clang-19" -cc1 -triple armv7-unknown-linux-android24 -emit-llvm-bc -flto=full -flto-unit -dumpdir conftest- -disable-free -clear-ast-before-backend -disable-llvm-verifier -discard-value-names -main-file-name conftest.c -function-alignment 4 -mrelocation-model pic -pic-level 1 -fhalf-no-semantic-interposition -mframe-pointer=none -menable-no-infs -menable-no-nans -fapprox-func -funsafe-math-optimizations -fno-signed-zeros -mreassociate -freciprocal-math -ffp-contract=fast -fno-rounding-math -ffast-math -ffinite-math-only -complex-range=basic -mconstructor-aliases -target-cpu cortex-a15 -target-feature +soft-float-abi -target-feature -crc -target-feature -dotprod -target-feature +dsp -target-feature -mve -target-feature -mve.fp -target-feature -ras -target-feature -bf16 -target-feature -sb -target-feature -i8mm -target-feature -lob -target-feature -cdecp0 -target-feature -cdecp1 -target-feature -cdecp2 -target-feature -cdecp3 -target-feature -cdecp4 -target-feature -cdecp5 -target-feature -cdecp6 -target-feature -cdecp7 -target-feature -pacbti -target-feature +hwdiv-arm -target-feature +hwdiv -target-feature +vfp2 -target-feature +vfp2sp -target-feature +vfp3 -target-feature +vfp3d16 -target-feature +vfp3d16sp -target-feature +vfp3sp -target-feature +fp16 -target-feature +vfp4 -target-feature +vfp4d16 -target-feature +vfp4d16sp -target-feature +vfp4sp -target-feature -fp-armv8 -target-feature -fp-armv8d16 -target-feature -fp-armv8d16sp -target-feature -fp-armv8sp -target-feature -fullfp16 -target-feature +fp64 -target-feature +d32 -target-feature +neon -target-feature -fp16fml -target-feature -crypto -target-feature -sha2 -target-feature -aes -target-abi aapcs-linux -mfloat-abi soft -debugger-tuning=gdb -fdebug-compilation-dir=/data/data/com.termux/files/home/ccminer -v -fcoverage-compilation-dir=/data/data/com.termux/files/home/ccminer -resource-dir /data/data/com.termux/files/usr/lib/clang/19 -D _REENTRANT -isysroot /data/data/com.termux/files -internal-isystem /data/data/com.termux/files/usr/lib/clang/19/include -internal-isystem /data/data/com.termux/files/usr/local/include -internal-externc-isystem /data/data/com.termux/files/usr/include/arm-linux-androideabi -internal-externc-isystem /data/data/com.termux/files/include -internal-externc-isystem /data/data/com.termux/files/usr/include -O3 -Rpass=missed-loop-vectorize -Rpass-analysis=loop-vectorize -ferror-limit 19 -femulated-tls -ffinite-loops -funroll-loops -pthread -fno-signed-char -fgnuc-version=4.2.1 -finline-functions -fskip-odr-check-in-gmf -vectorize-loops -vectorize-slp -mllvm -enable-loop-distribute -o /data/data/com.termux/files/usr/tmp/conftest-124a62.o -x c conftest.c
clang -cc1 version 19.1.7 based upon LLVM 19.1.7 default target armv7a-unknown-linux-androideabi24
ignoring nonexistent directory "/data/data/com.termux/files/usr/local/include"
ignoring nonexistent directory "/data/data/com.termux/files/include"
#include "..." search starts here:
#include <...> search starts here:
 /data/data/com.termux/files/usr/lib/clang/19/include
 /data/data/com.termux/files/usr/include/arm-linux-androideabi
 /data/data/com.termux/files/usr/include
End of search list.
 "/data/data/com.termux/files/usr/bin/ld.lld" --sysroot=/data/data/com.termux/files -EL -z now -z relro -z max-page-size=4096 -X --hash-style=gnu -rpath=/data/data/com.termux/files/usr/lib --eh-frame-hdr -m armelf_linux_eabi -pie -dynamic-linker /system/bin/linker -o conftest /data/data/com.termux/files/usr/lib/crtbegin_dynamic.o -L/data/data/com.termux/files/usr/lib -L/system/lib -plugin-opt=mcpu=cortex-a15 -plugin-opt=O3 -plugin-opt=-emulated-tls -plugin-opt=-pass-remarks=missed-loop-vectorize -plugin-opt=-pass-remarks-analysis=loop-vectorize -z relro -z now /data/data/com.termux/files/usr/tmp/conftest-124a62.o /data/data/com.termux/files/usr/lib/clang/19/lib/linux/libclang_rt.builtins-arm-android.a -l:libunwind.a -ldl -lc /data/data/com.termux/files/usr/lib/clang/19/lib/linux/libclang_rt.builtins-arm-android.a -l:libunwind.a -ldl /data/data/com.termux/files/usr/lib/crtend_android.o
configure:6424: $? = 0
configure:6435: result: yes
configure:6443: checking for alloca
configure:6488: result: yes
configure:6557: checking for getopt_long
configure:6557: clang -o conftest -Rpass=missed-loop-vectorize -Rpass-analysis=loop-vectorize -funroll-loops -finline-functions -O3 -ffinite-loops -ffast-math -D_REENTRANT -falign-functions=16 -fomit-frame-pointer -fpic -pthread -flto -fuse-ld=lld -fno-stack-protector -march=armv7-a -mcpu=cortex-a15 -mtune=cortex-a7 -mfpu=neon-vfpv4 -mllvm -enable-loop-distribute  -v -flto -Wl,-z,relro,-z,now conftest.c  >&5
clang version 19.1.7
Target: armv7a-unknown-linux-android24
Thread model: posix
InstalledDir: /data/data/com.termux/files/usr/bin
 "/data/data/com.termux/files/usr/bin/clang-19" -cc1 -triple armv7-unknown-linux-android24 -emit-llvm-bc -flto=full -flto-unit -dumpdir conftest- -disable-free -clear-ast-before-backend -disable-llvm-verifier -discard-value-names -main-file-name conftest.c -function-alignment 4 -mrelocation-model pic -pic-level 1 -fhalf-no-semantic-interposition -mframe-pointer=none -menable-no-infs -menable-no-nans -fapprox-func -funsafe-math-optimizations -fno-signed-zeros -mreassociate -freciprocal-math -ffp-contract=fast -fno-rounding-math -ffast-math -ffinite-math-only -complex-range=basic -mconstructor-aliases -target-cpu cortex-a15 -target-feature +soft-float-abi -target-feature -crc -target-feature -dotprod -target-feature +dsp -target-feature -mve -target-feature -mve.fp -target-feature -ras -target-feature -bf16 -target-feature -sb -target-feature -i8mm -target-feature -lob -target-feature -cdecp0 -target-feature -cdecp1 -target-feature -cdecp2 -target-feature -cdecp3 -target-feature -cdecp4 -target-feature -cdecp5 -target-feature -cdecp6 -target-feature -cdecp7 -target-feature -pacbti -target-feature +hwdiv-arm -target-feature +hwdiv -target-feature +vfp2 -target-feature +vfp2sp -target-feature +vfp3 -target-feature +vfp3d16 -target-feature +vfp3d16sp -target-feature +vfp3sp -target-feature +fp16 -target-feature +vfp4 -target-feature +vfp4d16 -target-feature +vfp4d16sp -target-feature +vfp4sp -target-feature -fp-armv8 -target-feature -fp-armv8d16 -target-feature -fp-armv8d16sp -target-feature -fp-armv8sp -target-feature -fullfp16 -target-feature +fp64 -target-feature +d32 -target-feature +neon -target-feature -fp16fml -target-feature -crypto -target-feature -sha2 -target-feature -aes -target-abi aapcs-linux -mfloat-abi soft -debugger-tuning=gdb -fdebug-compilation-dir=/data/data/com.termux/files/home/ccminer -v -fcoverage-compilation-dir=/data/data/com.termux/files/home/ccminer -resource-dir /data/data/com.termux/files/usr/lib/clang/19 -D _REENTRANT -isysroot /data/data/com.termux/files -internal-isystem /data/data/com.termux/files/usr/lib/clang/19/include -internal-isystem /data/data/com.termux/files/usr/local/include -internal-externc-isystem /data/data/com.termux/files/usr/include/arm-linux-androideabi -internal-externc-isystem /data/data/com.termux/files/include -internal-externc-isystem /data/data/com.termux/files/usr/include -O3 -Rpass=missed-loop-vectorize -Rpass-analysis=loop-vectorize -ferror-limit 19 -femulated-tls -ffinite-loops -funroll-loops -pthread -fno-signed-char -fgnuc-version=4.2.1 -finline-functions -fskip-odr-check-in-gmf -vectorize-loops -vectorize-slp -mllvm -enable-loop-distribute -o /data/data/com.termux/files/usr/tmp/conftest-2b87b9.o -x c conftest.c
clang -cc1 version 19.1.7 based upon LLVM 19.1.7 default target armv7a-unknown-linux-androideabi24
ignoring nonexistent directory "/data/data/com.termux/files/usr/local/include"
ignoring nonexistent directory "/data/data/com.termux/files/include"
#include "..." search starts here:
#include <...> search starts here:
 /data/data/com.termux/files/usr/lib/clang/19/include
 /data/data/com.termux/files/usr/include/arm-linux-androideabi
 /data/data/com.termux/files/usr/include
End of search list.
 "/data/data/com.termux/files/usr/bin/ld.lld" --sysroot=/data/data/com.termux/files -EL -z now -z relro -z max-page-size=4096 -X --hash-style=gnu -rpath=/data/data/com.termux/files/usr/lib --eh-frame-hdr -m armelf_linux_eabi -pie -dynamic-linker /system/bin/linker -o conftest /data/data/com.termux/files/usr/lib/crtbegin_dynamic.o -L/data/data/com.termux/files/usr/lib -L/system/lib -plugin-opt=mcpu=cortex-a15 -plugin-opt=O3 -plugin-opt=-emulated-tls -plugin-opt=-pass-remarks=missed-loop-vectorize -plugin-opt=-pass-remarks-analysis=loop-vectorize -z relro -z now /data/data/com.termux/files/usr/tmp/conftest-2b87b9.o /data/data/com.termux/files/usr/lib/clang/19/lib/linux/libclang_rt.builtins-arm-android.a -l:libunwind.a -ldl -lc /data/data/com.termux/files/usr/lib/clang/19/lib/linux/libclang_rt.builtins-arm-android.a -l:libunwind.a -ldl /data/data/com.termux/files/usr/lib/crtend_android.o
configure:6557: $? = 0
configure:6557: result: yes
configure:6594: checking for json_loads in -ljansson
configure:6623: clang -o conftest -Rpass=missed-loop-vectorize -Rpass-analysis=loop-vectorize -funroll-loops -finline-functions -O3 -ffinite-loops -ffast-math -D_REENTRANT -falign-functions=16 -fomit-frame-pointer -fpic -pthread -flto -fuse-ld=lld -fno-stack-protector -march=armv7-a -mcpu=cortex-a15 -mtune=cortex-a7 -mfpu=neon-vfpv4 -mllvm -enable-loop-distribute  -v -flto -Wl,-z,relro,-z,now conftest.c -ljansson   >&5
clang version 19.1.7
Target: armv7a-unknown-linux-android24
Thread model: posix
InstalledDir: /data/data/com.termux/files/usr/bin
 "/data/data/com.termux/files/usr/bin/clang-19" -cc1 -triple armv7-unknown-linux-android24 -emit-llvm-bc -flto=full -flto-unit -dumpdir conftest- -disable-free -clear-ast-before-backend -disable-llvm-verifier -discard-value-names -main-file-name conftest.c -function-alignment 4 -mrelocation-model pic -pic-level 1 -fhalf-no-semantic-interposition -mframe-pointer=none -menable-no-infs -menable-no-nans -fapprox-func -funsafe-math-optimizations -fno-signed-zeros -mreassociate -freciprocal-math -ffp-contract=fast -fno-rounding-math -ffast-math -ffinite-math-only -complex-range=basic -mconstructor-aliases -target-cpu cortex-a15 -target-feature +soft-float-abi -target-feature -crc -target-feature -dotprod -target-feature +dsp -target-feature -mve -target-feature -mve.fp -target-feature -ras -target-feature -bf16 -target-feature -sb -target-feature -i8mm -target-feature -lob -target-feature -cdecp0 -target-feature -cdecp1 -target-feature -cdecp2 -target-feature -cdecp3 -target-feature -cdecp4 -target-feature -cdecp5 -target-feature -cdecp6 -target-feature -cdecp7 -target-feature -pacbti -target-feature +hwdiv-arm -target-feature +hwdiv -target-feature +vfp2 -target-feature +vfp2sp -target-feature +vfp3 -target-feature +vfp3d16 -target-feature +vfp3d16sp -target-feature +vfp3sp -target-feature +fp16 -target-feature +vfp4 -target-feature +vfp4d16 -target-feature +vfp4d16sp -target-feature +vfp4sp -target-feature -fp-armv8 -target-feature -fp-armv8d16 -target-feature -fp-armv8d16sp -target-feature -fp-armv8sp -target-feature -fullfp16 -target-feature +fp64 -target-feature +d32 -target-feature +neon -target-feature -fp16fml -target-feature -crypto -target-feature -sha2 -target-feature -aes -target-abi aapcs-linux -mfloat-abi soft -debugger-tuning=gdb -fdebug-compilation-dir=/data/data/com.termux/files/home/ccminer -v -fcoverage-compilation-dir=/data/data/com.termux/files/home/ccminer -resource-dir /data/data/com.termux/files/usr/lib/clang/19 -D _REENTRANT -isysroot /data/data/com.termux/files -internal-isystem /data/data/com.termux/files/usr/lib/clang/19/include -internal-isystem /data/data/com.termux/files/usr/local/include -internal-externc-isystem /data/data/com.termux/files/usr/include/arm-linux-androideabi -internal-externc-isystem /data/data/com.termux/files/include -internal-externc-isystem /data/data/com.termux/files/usr/include -O3 -Rpass=missed-loop-vectorize -Rpass-analysis=loop-vectorize -ferror-limit 19 -femulated-tls -ffinite-loops -funroll-loops -pthread -fno-signed-char -fgnuc-version=4.2.1 -finline-functions -fskip-odr-check-in-gmf -vectorize-loops -vectorize-slp -mllvm -enable-loop-distribute -o /data/data/com.termux/files/usr/tmp/conftest-e4b4b3.o -x c conftest.c
clang -cc1 version 19.1.7 based upon LLVM 19.1.7 default target armv7a-unknown-linux-androideabi24
ignoring nonexistent directory "/data/data/com.termux/files/usr/local/include"
ignoring nonexistent directory "/data/data/com.termux/files/include"
#include "..." search starts here:
#include <...> search starts here:
 /data/data/com.termux/files/usr/lib/clang/19/include
 /data/data/com.termux/files/usr/include/arm-linux-androideabi
 /data/data/com.termux/files/usr/include
End of search list.
 "/data/data/com.termux/files/usr/bin/ld.lld" --sysroot=/data/data/com.termux/files -EL -z now -z relro -z max-page-size=4096 -X --hash-style=gnu -rpath=/data/data/com.termux/files/usr/lib --eh-frame-hdr -m armelf_linux_eabi -pie -dynamic-linker /system/bin/linker -o conftest /data/data/com.termux/files/usr/lib/crtbegin_dynamic.o -L/data/data/com.termux/files/usr/lib -L/system/lib -plugin-opt=mcpu=cortex-a15 -plugin-opt=O3 -plugin-opt=-emulated-tls -plugin-opt=-pass-remarks=missed-loop-vectorize -plugin-opt=-pass-remarks-analysis=loop-vectorize -z relro -z now /data/data/com.termux/files/usr/tmp/conftest-e4b4b3.o -ljansson /data/data/com.termux/files/usr/lib/clang/19/lib/linux/libclang_rt.builtins-arm-android.a -l:libunwind.a -ldl -lc /data/data/com.termux/files/usr/lib/clang/19/lib/linux/libclang_rt.builtins-arm-android.a -l:libunwind.a -ldl /data/data/com.termux/files/usr/lib/crtend_android.o
configure:6623: $? = 0
configure:6635: result: yes
configure:6645: checking for pthread_create in -lpthread
configure:6674: clang -o conftest -Rpass=missed-loop-vectorize -Rpass-analysis=loop-vectorize -funroll-loops -finline-functions -O3 -ffinite-loops -ffast-math -D_REENTRANT -falign-functions=16 -fomit-frame-pointer -fpic -pthread -flto -fuse-ld=lld -fno-stack-protector -march=armv7-a -mcpu=cortex-a15 -mtune=cortex-a7 -mfpu=neon-vfpv4 -mllvm -enable-loop-distribute  -v -flto -Wl,-z,relro,-z,now conftest.c -lpthread   >&5
clang version 19.1.7
Target: armv7a-unknown-linux-android24
Thread model: posix
InstalledDir: /data/data/com.termux/files/usr/bin
 "/data/data/com.termux/files/usr/bin/clang-19" -cc1 -triple armv7-unknown-linux-android24 -emit-llvm-bc -flto=full -flto-unit -dumpdir conftest- -disable-free -clear-ast-before-backend -disable-llvm-verifier -discard-value-names -main-file-name conftest.c -function-alignment 4 -mrelocation-model pic -pic-level 1 -fhalf-no-semantic-interposition -mframe-pointer=none -menable-no-infs -menable-no-nans -fapprox-func -funsafe-math-optimizations -fno-signed-zeros -mreassociate -freciprocal-math -ffp-contract=fast -fno-rounding-math -ffast-math -ffinite-math-only -complex-range=basic -mconstructor-aliases -target-cpu cortex-a15 -target-feature +soft-float-abi -target-feature -crc -target-feature -dotprod -target-feature +dsp -target-feature -mve -target-feature -mve.fp -target-feature -ras -target-feature -bf16 -target-feature -sb -target-feature -i8mm -target-feature -lob -target-feature -cdecp0 -target-feature -cdecp1 -target-feature -cdecp2 -target-feature -cdecp3 -target-feature -cdecp4 -target-feature -cdecp5 -target-feature -cdecp6 -target-feature -cdecp7 -target-feature -pacbti -target-feature +hwdiv-arm -target-feature +hwdiv -target-feature +vfp2 -target-feature +vfp2sp -target-feature +vfp3 -target-feature +vfp3d16 -target-feature +vfp3d16sp -target-feature +vfp3sp -target-feature +fp16 -target-feature +vfp4 -target-feature +vfp4d16 -target-feature +vfp4d16sp -target-feature +vfp4sp -target-feature -fp-armv8 -target-feature -fp-armv8d16 -target-feature -fp-armv8d16sp -target-feature -fp-armv8sp -target-feature -fullfp16 -target-feature +fp64 -target-feature +d32 -target-feature +neon -target-feature -fp16fml -target-feature -crypto -target-feature -sha2 -target-feature -aes -target-abi aapcs-linux -mfloat-abi soft -debugger-tuning=gdb -fdebug-compilation-dir=/data/data/com.termux/files/home/ccminer -v -fcoverage-compilation-dir=/data/data/com.termux/files/home/ccminer -resource-dir /data/data/com.termux/files/usr/lib/clang/19 -D _REENTRANT -isysroot /data/data/com.termux/files -internal-isystem /data/data/com.termux/files/usr/lib/clang/19/include -internal-isystem /data/data/com.termux/files/usr/local/include -internal-externc-isystem /data/data/com.termux/files/usr/include/arm-linux-androideabi -internal-externc-isystem /data/data/com.termux/files/include -internal-externc-isystem /data/data/com.termux/files/usr/include -O3 -Rpass=missed-loop-vectorize -Rpass-analysis=loop-vectorize -ferror-limit 19 -femulated-tls -ffinite-loops -funroll-loops -pthread -fno-signed-char -fgnuc-version=4.2.1 -finline-functions -fskip-odr-check-in-gmf -vectorize-loops -vectorize-slp -mllvm -enable-loop-distribute -o /data/data/com.termux/files/usr/tmp/conftest-761a30.o -x c conftest.c
clang -cc1 version 19.1.7 based upon LLVM 19.1.7 default target armv7a-unknown-linux-androideabi24
ignoring nonexistent directory "/data/data/com.termux/files/usr/local/include"
ignoring nonexistent directory "/data/data/com.termux/files/include"
#include "..." search starts here:
#include <...> search starts here:
 /data/data/com.termux/files/usr/lib/clang/19/include
 /data/data/com.termux/files/usr/include/arm-linux-androideabi
 /data/data/com.termux/files/usr/include
End of search list.
 "/data/data/com.termux/files/usr/bin/ld.lld" --sysroot=/data/data/com.termux/files -EL -z now -z relro -z max-page-size=4096 -X --hash-style=gnu -rpath=/data/data/com.termux/files/usr/lib --eh-frame-hdr -m armelf_linux_eabi -pie -dynamic-linker /system/bin/linker -o conftest /data/data/com.termux/files/usr/lib/crtbegin_dynamic.o -L/data/data/com.termux/files/usr/lib -L/system/lib -plugin-opt=mcpu=cortex-a15 -plugin-opt=O3 -plugin-opt=-emulated-tls -plugin-opt=-pass-remarks=missed-loop-vectorize -plugin-opt=-pass-remarks-analysis=loop-vectorize -z relro -z now /data/data/com.termux/files/usr/tmp/conftest-761a30.o -lpthread /data/data/com.termux/files/usr/lib/clang/19/lib/linux/libclang_rt.builtins-arm-android.a -l:libunwind.a -ldl -lc /data/data/com.termux/files/usr/lib/clang/19/lib/linux/libclang_rt.builtins-arm-android.a -l:libunwind.a -ldl /data/data/com.termux/files/usr/lib/crtend_android.o
configure:6674: $? = 0
configure:6686: result: yes
configure:6845: checking for gzopen in -lz
configure:6874: clang -o conftest -Rpass=missed-loop-vectorize -Rpass-analysis=loop-vectorize -funroll-loops -finline-functions -O3 -ffinite-loops -ffast-math -D_REENTRANT -falign-functions=16 -fomit-frame-pointer -fpic -pthread -flto -fuse-ld=lld -fno-stack-protector -march=armv7-a -mcpu=cortex-a15 -mtune=cortex-a7 -mfpu=neon-vfpv4 -mllvm -enable-loop-distribute  -v -flto -Wl,-z,relro,-z,now conftest.c -lz   >&5
clang version 19.1.7
Target: armv7a-unknown-linux-android24
Thread model: posix
InstalledDir: /data/data/com.termux/files/usr/bin
 "/data/data/com.termux/files/usr/bin/clang-19" -cc1 -triple armv7-unknown-linux-android24 -emit-llvm-bc -flto=full -flto-unit -dumpdir conftest- -disable-free -clear-ast-before-backend -disable-llvm-verifier -discard-value-names -main-file-name conftest.c -function-alignment 4 -mrelocation-model pic -pic-level 1 -fhalf-no-semantic-interposition -mframe-pointer=none -menable-no-infs -menable-no-nans -fapprox-func -funsafe-math-optimizations -fno-signed-zeros -mreassociate -freciprocal-math -ffp-contract=fast -fno-rounding-math -ffast-math -ffinite-math-only -complex-range=basic -mconstructor-aliases -target-cpu cortex-a15 -target-feature +soft-float-abi -target-feature -crc -target-feature -dotprod -target-feature +dsp -target-feature -mve -target-feature -mve.fp -target-feature -ras -target-feature -bf16 -target-feature -sb -target-feature -i8mm -target-feature -lob -target-feature -cdecp0 -target-feature -cdecp1 -target-feature -cdecp2 -target-feature -cdecp3 -target-feature -cdecp4 -target-feature -cdecp5 -target-feature -cdecp6 -target-feature -cdecp7 -target-feature -pacbti -target-feature +hwdiv-arm -target-feature +hwdiv -target-feature +vfp2 -target-feature +vfp2sp -target-feature +vfp3 -target-feature +vfp3d16 -target-feature +vfp3d16sp -target-feature +vfp3sp -target-feature +fp16 -target-feature +vfp4 -target-feature +vfp4d16 -target-feature +vfp4d16sp -target-feature +vfp4sp -target-feature -fp-armv8 -target-feature -fp-armv8d16 -target-feature -fp-armv8d16sp -target-feature -fp-armv8sp -target-feature -fullfp16 -target-feature +fp64 -target-feature +d32 -target-feature +neon -target-feature -fp16fml -target-feature -crypto -target-feature -sha2 -target-feature -aes -target-abi aapcs-linux -mfloat-abi soft -debugger-tuning=gdb -fdebug-compilation-dir=/data/data/com.termux/files/home/ccminer -v -fcoverage-compilation-dir=/data/data/com.termux/files/home/ccminer -resource-dir /data/data/com.termux/files/usr/lib/clang/19 -D _REENTRANT -isysroot /data/data/com.termux/files -internal-isystem /data/data/com.termux/files/usr/lib/clang/19/include -internal-isystem /data/data/com.termux/files/usr/local/include -internal-externc-isystem /data/data/com.termux/files/usr/include/arm-linux-androideabi -internal-externc-isystem /data/data/com.termux/files/include -internal-externc-isystem /data/data/com.termux/files/usr/include -O3 -Rpass=missed-loop-vectorize -Rpass-analysis=loop-vectorize -ferror-limit 19 -femulated-tls -ffinite-loops -funroll-loops -pthread -fno-signed-char -fgnuc-version=4.2.1 -finline-functions -fskip-odr-check-in-gmf -vectorize-loops -vectorize-slp -mllvm -enable-loop-distribute -o /data/data/com.termux/files/usr/tmp/conftest-6b31d7.o -x c conftest.c
clang -cc1 version 19.1.7 based upon LLVM 19.1.7 default target armv7a-unknown-linux-androideabi24
ignoring nonexistent directory "/data/data/com.termux/files/usr/local/include"
ignoring nonexistent directory "/data/data/com.termux/files/include"
#include "..." search starts here:
#include <...> search starts here:
 /data/data/com.termux/files/usr/lib/clang/19/include
 /data/data/com.termux/files/usr/include/arm-linux-androideabi
 /data/data/com.termux/files/usr/include
End of search list.
 "/data/data/com.termux/files/usr/bin/ld.lld" --sysroot=/data/data/com.termux/files -EL -z now -z relro -z max-page-size=4096 -X --hash-style=gnu -rpath=/data/data/com.termux/files/usr/lib --eh-frame-hdr -m armelf_linux_eabi -pie -dynamic-linker /system/bin/linker -o conftest /data/data/com.termux/files/usr/lib/crtbegin_dynamic.o -L/data/data/com.termux/files/usr/lib -L/system/lib -plugin-opt=mcpu=cortex-a15 -plugin-opt=O3 -plugin-opt=-emulated-tls -plugin-opt=-pass-remarks=missed-loop-vectorize -plugin-opt=-pass-remarks-analysis=loop-vectorize -z relro -z now /data/data/com.termux/files/usr/tmp/conftest-6b31d7.o -lz /data/data/com.termux/files/usr/lib/clang/19/lib/linux/libclang_rt.builtins-arm-android.a -l:libunwind.a -ldl -lc /data/data/com.termux/files/usr/lib/clang/19/lib/linux/libclang_rt.builtins-arm-android.a -l:libunwind.a -ldl /data/data/com.termux/files/usr/lib/crtend_android.o
configure:6874: $? = 0
configure:6886: result: yes
configure:6896: checking for SSL_free in -lssl
configure:6925: clang -o conftest -Rpass=missed-loop-vectorize -Rpass-analysis=loop-vectorize -funroll-loops -finline-functions -O3 -ffinite-loops -ffast-math -D_REENTRANT -falign-functions=16 -fomit-frame-pointer -fpic -pthread -flto -fuse-ld=lld -fno-stack-protector -march=armv7-a -mcpu=cortex-a15 -mtune=cortex-a7 -mfpu=neon-vfpv4 -mllvm -enable-loop-distribute  -v -flto -Wl,-z,relro,-z,now conftest.c -lssl  -lz  >&5
clang version 19.1.7
Target: armv7a-unknown-linux-android24
Thread model: posix
InstalledDir: /data/data/com.termux/files/usr/bin
 "/data/data/com.termux/files/usr/bin/clang-19" -cc1 -triple armv7-unknown-linux-android24 -emit-llvm-bc -flto=full -flto-unit -dumpdir conftest- -disable-free -clear-ast-before-backend -disable-llvm-verifier -discard-value-names -main-file-name conftest.c -function-alignment 4 -mrelocation-model pic -pic-level 1 -fhalf-no-semantic-interposition -mframe-pointer=none -menable-no-infs -menable-no-nans -fapprox-func -funsafe-math-optimizations -fno-signed-zeros -mreassociate -freciprocal-math -ffp-contract=fast -fno-rounding-math -ffast-math -ffinite-math-only -complex-range=basic -mconstructor-aliases -target-cpu cortex-a15 -target-feature +soft-float-abi -target-feature -crc -target-feature -dotprod -target-feature +dsp -target-feature -mve -target-feature -mve.fp -target-feature -ras -target-feature -bf16 -target-feature -sb -target-feature -i8mm -target-feature -lob -target-feature -cdecp0 -target-feature -cdecp1 -target-feature -cdecp2 -target-feature -cdecp3 -target-feature -cdecp4 -target-feature -cdecp5 -target-feature -cdecp6 -target-feature -cdecp7 -target-feature -pacbti -target-feature +hwdiv-arm -target-feature +hwdiv -target-feature +vfp2 -target-feature +vfp2sp -target-feature +vfp3 -target-feature +vfp3d16 -target-feature +vfp3d16sp -target-feature +vfp3sp -target-feature +fp16 -target-feature +vfp4 -target-feature +vfp4d16 -target-feature +vfp4d16sp -target-feature +vfp4sp -target-feature -fp-armv8 -target-feature -fp-armv8d16 -target-feature -fp-armv8d16sp -target-feature -fp-armv8sp -target-feature -fullfp16 -target-feature +fp64 -target-feature +d32 -target-feature +neon -target-feature -fp16fml -target-feature -crypto -target-feature -sha2 -target-feature -aes -target-abi aapcs-linux -mfloat-abi soft -debugger-tuning=gdb -fdebug-compilation-dir=/data/data/com.termux/files/home/ccminer -v -fcoverage-compilation-dir=/data/data/com.termux/files/home/ccminer -resource-dir /data/data/com.termux/files/usr/lib/clang/19 -D _REENTRANT -isysroot /data/data/com.termux/files -internal-isystem /data/data/com.termux/files/usr/lib/clang/19/include -internal-isystem /data/data/com.termux/files/usr/local/include -internal-externc-isystem /data/data/com.termux/files/usr/include/arm-linux-androideabi -internal-externc-isystem /data/data/com.termux/files/include -internal-externc-isystem /data/data/com.termux/files/usr/include -O3 -Rpass=missed-loop-vectorize -Rpass-analysis=loop-vectorize -ferror-limit 19 -femulated-tls -ffinite-loops -funroll-loops -pthread -fno-signed-char -fgnuc-version=4.2.1 -finline-functions -fskip-odr-check-in-gmf -vectorize-loops -vectorize-slp -mllvm -enable-loop-distribute -o /data/data/com.termux/files/usr/tmp/conftest-37f901.o -x c conftest.c
clang -cc1 version 19.1.7 based upon LLVM 19.1.7 default target armv7a-unknown-linux-androideabi24
ignoring nonexistent directory "/data/data/com.termux/files/usr/local/include"
ignoring nonexistent directory "/data/data/com.termux/files/include"
#include "..." search starts here:
#include <...> search starts here:
 /data/data/com.termux/files/usr/lib/clang/19/include
 /data/data/com.termux/files/usr/include/arm-linux-androideabi
 /data/data/com.termux/files/usr/include
End of search list.
 "/data/data/com.termux/files/usr/bin/ld.lld" --sysroot=/data/data/com.termux/files -EL -z now -z relro -z max-page-size=4096 -X --hash-style=gnu -rpath=/data/data/com.termux/files/usr/lib --eh-frame-hdr -m armelf_linux_eabi -pie -dynamic-linker /system/bin/linker -o conftest /data/data/com.termux/files/usr/lib/crtbegin_dynamic.o -L/data/data/com.termux/files/usr/lib -L/system/lib -plugin-opt=mcpu=cortex-a15 -plugin-opt=O3 -plugin-opt=-emulated-tls -plugin-opt=-pass-remarks=missed-loop-vectorize -plugin-opt=-pass-remarks-analysis=loop-vectorize -z relro -z now /data/data/com.termux/files/usr/tmp/conftest-37f901.o -lssl -lz /data/data/com.termux/files/usr/lib/clang/19/lib/linux/libclang_rt.builtins-arm-android.a -l:libunwind.a -ldl -lc /data/data/com.termux/files/usr/lib/clang/19/lib/linux/libclang_rt.builtins-arm-android.a -l:libunwind.a -ldl /data/data/com.termux/files/usr/lib/crtend_android.o
configure:6925: $? = 0
configure:6937: result: yes
configure:6950: checking for EVP_DigestFinal_ex in -lcrypto
configure:6979: clang -o conftest -Rpass=missed-loop-vectorize -Rpass-analysis=loop-vectorize -funroll-loops -finline-functions -O3 -ffinite-loops -ffast-math -D_REENTRANT -falign-functions=16 -fomit-frame-pointer -fpic -pthread -flto -fuse-ld=lld -fno-stack-protector -march=armv7-a -mcpu=cortex-a15 -mtune=cortex-a7 -mfpu=neon-vfpv4 -mllvm -enable-loop-distribute  -v -flto -Wl,-z,relro,-z,now conftest.c -lcrypto  -lssl -lz  >&5
clang version 19.1.7
Target: armv7a-unknown-linux-android24
Thread model: posix
InstalledDir: /data/data/com.termux/files/usr/bin
 "/data/data/com.termux/files/usr/bin/clang-19" -cc1 -triple armv7-unknown-linux-android24 -emit-llvm-bc -flto=full -flto-unit -dumpdir conftest- -disable-free -clear-ast-before-backend -disable-llvm-verifier -discard-value-names -main-file-name conftest.c -function-alignment 4 -mrelocation-model pic -pic-level 1 -fhalf-no-semantic-interposition -mframe-pointer=none -menable-no-infs -menable-no-nans -fapprox-func -funsafe-math-optimizations -fno-signed-zeros -mreassociate -freciprocal-math -ffp-contract=fast -fno-rounding-math -ffast-math -ffinite-math-only -complex-range=basic -mconstructor-aliases -target-cpu cortex-a15 -target-feature +soft-float-abi -target-feature -crc -target-feature -dotprod -target-feature +dsp -target-feature -mve -target-feature -mve.fp -target-feature -ras -target-feature -bf16 -target-feature -sb -target-feature -i8mm -target-feature -lob -target-feature -cdecp0 -target-feature -cdecp1 -target-feature -cdecp2 -target-feature -cdecp3 -target-feature -cdecp4 -target-feature -cdecp5 -target-feature -cdecp6 -target-feature -cdecp7 -target-feature -pacbti -target-feature +hwdiv-arm -target-feature +hwdiv -target-feature +vfp2 -target-feature +vfp2sp -target-feature +vfp3 -target-feature +vfp3d16 -target-feature +vfp3d16sp -target-feature +vfp3sp -target-feature +fp16 -target-feature +vfp4 -target-feature +vfp4d16 -target-feature +vfp4d16sp -target-feature +vfp4sp -target-feature -fp-armv8 -target-feature -fp-armv8d16 -target-feature -fp-armv8d16sp -target-feature -fp-armv8sp -target-feature -fullfp16 -target-feature +fp64 -target-feature +d32 -target-feature +neon -target-feature -fp16fml -target-feature -crypto -target-feature -sha2 -target-feature -aes -target-abi aapcs-linux -mfloat-abi soft -debugger-tuning=gdb -fdebug-compilation-dir=/data/data/com.termux/files/home/ccminer -v -fcoverage-compilation-dir=/data/data/com.termux/files/home/ccminer -resource-dir /data/data/com.termux/files/usr/lib/clang/19 -D _REENTRANT -isysroot /data/data/com.termux/files -internal-isystem /data/data/com.termux/files/usr/lib/clang/19/include -internal-isystem /data/data/com.termux/files/usr/local/include -internal-externc-isystem /data/data/com.termux/files/usr/include/arm-linux-androideabi -internal-externc-isystem /data/data/com.termux/files/include -internal-externc-isystem /data/data/com.termux/files/usr/include -O3 -Rpass=missed-loop-vectorize -Rpass-analysis=loop-vectorize -ferror-limit 19 -femulated-tls -ffinite-loops -funroll-loops -pthread -fno-signed-char -fgnuc-version=4.2.1 -finline-functions -fskip-odr-check-in-gmf -vectorize-loops -vectorize-slp -mllvm -enable-loop-distribute -o /data/data/com.termux/files/usr/tmp/conftest-61920d.o -x c conftest.c
clang -cc1 version 19.1.7 based upon LLVM 19.1.7 default target armv7a-unknown-linux-androideabi24
ignoring nonexistent directory "/data/data/com.termux/files/usr/local/include"
ignoring nonexistent directory "/data/data/com.termux/files/include"
#include "..." search starts here:
#include <...> search starts here:
 /data/data/com.termux/files/usr/lib/clang/19/include
 /data/data/com.termux/files/usr/include/arm-linux-androideabi
 /data/data/com.termux/files/usr/include
End of search list.
 "/data/data/com.termux/files/usr/bin/ld.lld" --sysroot=/data/data/com.termux/files -EL -z now -z relro -z max-page-size=4096 -X --hash-style=gnu -rpath=/data/data/com.termux/files/usr/lib --eh-frame-hdr -m armelf_linux_eabi -pie -dynamic-linker /system/bin/linker -o conftest /data/data/com.termux/files/usr/lib/crtbegin_dynamic.o -L/data/data/com.termux/files/usr/lib -L/system/lib -plugin-opt=mcpu=cortex-a15 -plugin-opt=O3 -plugin-opt=-emulated-tls -plugin-opt=-pass-remarks=missed-loop-vectorize -plugin-opt=-pass-remarks-analysis=loop-vectorize -z relro -z now /data/data/com.termux/files/usr/tmp/conftest-61920d.o -lcrypto -lssl -lz /data/data/com.termux/files/usr/lib/clang/19/lib/linux/libclang_rt.builtins-arm-android.a -l:libunwind.a -ldl -lc /data/data/com.termux/files/usr/lib/clang/19/lib/linux/libclang_rt.builtins-arm-android.a -l:libunwind.a -ldl /data/data/com.termux/files/usr/lib/crtend_android.o
configure:6979: $? = 0
configure:6991: result: yes
configure:7047: checking for an Android system
configure:7054: checking how to run the C preprocessor
configure:7080: clang -E  conftest.c
configure:7080: $? = 0
configure:7096: clang -E  conftest.c
conftest.c:34:10: fatal error: 'ac_nonexistent.h' file not found
   34 | #include <ac_nonexistent.h>
      |          ^~~~~~~~~~~~~~~~~~
1 error generated.
configure:7096: $? = 1
configure: failed program was:
| /* confdefs.h */
| #define PACKAGE_NAME "ccminer_CPU"
| #define PACKAGE_TARNAME "ccminer"
| #define PACKAGE_VERSION "3.8.3-4"
| #define PACKAGE_STRING "ccminer_CPU 3.8.3-4"
| #define PACKAGE_BUGREPORT ""
| #define PACKAGE_URL "http://github.com/monkins1010/ccminer"
| #define PACKAGE "ccminer"
| #define VERSION "3.8.3-4"
| #define HAVE_STDIO_H 1
| #define HAVE_STDLIB_H 1
| #define HAVE_STRING_H 1
| #define HAVE_INTTYPES_H 1
| #define HAVE_STDINT_H 1
| #define HAVE_STRINGS_H 1
| #define HAVE_SYS_STAT_H 1
| #define HAVE_SYS_TYPES_H 1
| #define HAVE_UNISTD_H 1
| #define STDC_HEADERS 1
| #define HAVE_SYS_ENDIAN_H 1
| #define HAVE_SYS_PARAM_H 1
| #define HAVE_SYSLOG_H 1
| #define HAVE_DECL_BE32DEC 0
| #define HAVE_DECL_LE32DEC 0
| #define HAVE_DECL_BE32ENC 0
| #define HAVE_DECL_LE32ENC 0
| #define HAVE_ALLOCA_H 1
| #define HAVE_ALLOCA 1
| #define HAVE_GETOPT_LONG 1
| #define HAVE_LIBZ 1
| #define HAVE_LIBSSL 1
| #define HAVE_LIBCRYPTO 1
| /* end confdefs.h.  */
| #include <ac_nonexistent.h>
configure:7125: result: clang -E
configure:7139: clang -E  conftest.c
configure:7139: $? = 0
configure:7155: clang -E  conftest.c
conftest.c:34:10: fatal error: 'ac_nonexistent.h' file not found
   34 | #include <ac_nonexistent.h>
      |          ^~~~~~~~~~~~~~~~~~
1 error generated.
configure:7155: $? = 1
configure: failed program was:
| /* confdefs.h */
| #define PACKAGE_NAME "ccminer_CPU"
| #define PACKAGE_TARNAME "ccminer"
| #define PACKAGE_VERSION "3.8.3-4"
| #define PACKAGE_STRING "ccminer_CPU 3.8.3-4"
| #define PACKAGE_BUGREPORT ""
| #define PACKAGE_URL "http://github.com/monkins1010/ccminer"
| #define PACKAGE "ccminer"
| #define VERSION "3.8.3-4"
| #define HAVE_STDIO_H 1
| #define HAVE_STDLIB_H 1
| #define HAVE_STRING_H 1
| #define HAVE_INTTYPES_H 1
| #define HAVE_STDINT_H 1
| #define HAVE_STRINGS_H 1
| #define HAVE_SYS_STAT_H 1
| #define HAVE_SYS_TYPES_H 1
| #define HAVE_UNISTD_H 1
| #define STDC_HEADERS 1
| #define HAVE_SYS_ENDIAN_H 1
| #define HAVE_SYS_PARAM_H 1
| #define HAVE_SYSLOG_H 1
| #define HAVE_DECL_BE32DEC 0
| #define HAVE_DECL_LE32DEC 0
| #define HAVE_DECL_BE32ENC 0
| #define HAVE_DECL_LE32ENC 0
| #define HAVE_ALLOCA_H 1
| #define HAVE_ALLOCA 1
| #define HAVE_GETOPT_LONG 1
| #define HAVE_LIBZ 1
| #define HAVE_LIBSSL 1
| #define HAVE_LIBCRYPTO 1
| /* end confdefs.h.  */
| #include <ac_nonexistent.h>
configure:7202: clang -E  conftest.c
configure:7202: $? = 0
configure:7204: result: yes
configure:7269: checking for gawk
configure:7302: result: gawk
configure:7370: checking for curl-config
configure:7393: found /data/data/com.termux/files/usr/bin/curl-config
configure:7406: result: /data/data/com.termux/files/usr/bin/curl-config
configure:7417: checking for the version of libcurl
configure:7426: result: 8.12.1
configure:7433: checking for libcurl >= version 7.15.2
configure:7448: result: yes
configure:7489: checking whether libcurl is usable
configure:7524: clang -o conftest -Rpass=missed-loop-vectorize -Rpass-analysis=loop-vectorize -funroll-loops -finline-functions -O3 -ffinite-loops -ffast-math -D_REENTRANT -falign-functions=16 -fomit-frame-pointer -fpic -pthread -flto -fuse-ld=lld -fno-stack-protector -march=armv7-a -mcpu=cortex-a15 -mtune=cortex-a7 -mfpu=neon-vfpv4 -mllvm -enable-loop-distribute  -I/data/data/com.termux/files/usr/include  -v -flto -Wl,-z,relro,-z,now conftest.c -L/data/data/com.termux/files/usr/lib -lcurl -lcrypto -lssl -lz  >&5
clang version 19.1.7
Target: armv7a-unknown-linux-android24
Thread model: posix
InstalledDir: /data/data/com.termux/files/usr/bin
 "/data/data/com.termux/files/usr/bin/clang-19" -cc1 -triple armv7-unknown-linux-android24 -emit-llvm-bc -flto=full -flto-unit -dumpdir conftest- -disable-free -clear-ast-before-backend -disable-llvm-verifier -discard-value-names -main-file-name conftest.c -function-alignment 4 -mrelocation-model pic -pic-level 1 -fhalf-no-semantic-interposition -mframe-pointer=none -menable-no-infs -menable-no-nans -fapprox-func -funsafe-math-optimizations -fno-signed-zeros -mreassociate -freciprocal-math -ffp-contract=fast -fno-rounding-math -ffast-math -ffinite-math-only -complex-range=basic -mconstructor-aliases -target-cpu cortex-a15 -target-feature +soft-float-abi -target-feature -crc -target-feature -dotprod -target-feature +dsp -target-feature -mve -target-feature -mve.fp -target-feature -ras -target-feature -bf16 -target-feature -sb -target-feature -i8mm -target-feature -lob -target-feature -cdecp0 -target-feature -cdecp1 -target-feature -cdecp2 -target-feature -cdecp3 -target-feature -cdecp4 -target-feature -cdecp5 -target-feature -cdecp6 -target-feature -cdecp7 -target-feature -pacbti -target-feature +hwdiv-arm -target-feature +hwdiv -target-feature +vfp2 -target-feature +vfp2sp -target-feature +vfp3 -target-feature +vfp3d16 -target-feature +vfp3d16sp -target-feature +vfp3sp -target-feature +fp16 -target-feature +vfp4 -target-feature +vfp4d16 -target-feature +vfp4d16sp -target-feature +vfp4sp -target-feature -fp-armv8 -target-feature -fp-armv8d16 -target-feature -fp-armv8d16sp -target-feature -fp-armv8sp -target-feature -fullfp16 -target-feature +fp64 -target-feature +d32 -target-feature +neon -target-feature -fp16fml -target-feature -crypto -target-feature -sha2 -target-feature -aes -target-abi aapcs-linux -mfloat-abi soft -debugger-tuning=gdb -fdebug-compilation-dir=/data/data/com.termux/files/home/ccminer -v -fcoverage-compilation-dir=/data/data/com.termux/files/home/ccminer -resource-dir /data/data/com.termux/files/usr/lib/clang/19 -D _REENTRANT -I /data/data/com.termux/files/usr/include -isysroot /data/data/com.termux/files -internal-isystem /data/data/com.termux/files/usr/lib/clang/19/include -internal-isystem /data/data/com.termux/files/usr/local/include -internal-externc-isystem /data/data/com.termux/files/usr/include/arm-linux-androideabi -internal-externc-isystem /data/data/com.termux/files/include -internal-externc-isystem /data/data/com.termux/files/usr/include -O3 -Rpass=missed-loop-vectorize -Rpass-analysis=loop-vectorize -ferror-limit 19 -femulated-tls -ffinite-loops -funroll-loops -pthread -fno-signed-char -fgnuc-version=4.2.1 -finline-functions -fskip-odr-check-in-gmf -vectorize-loops -vectorize-slp -mllvm -enable-loop-distribute -o /data/data/com.termux/files/usr/tmp/conftest-b18d00.o -x c conftest.c
clang -cc1 version 19.1.7 based upon LLVM 19.1.7 default target armv7a-unknown-linux-androideabi24
ignoring nonexistent directory "/data/data/com.termux/files/usr/local/include"
ignoring nonexistent directory "/data/data/com.termux/files/include"
ignoring duplicate directory "/data/data/com.termux/files/usr/include"
  as it is a non-system directory that duplicates a system directory
#include "..." search starts here:
#include <...> search starts here:
 /data/data/com.termux/files/usr/lib/clang/19/include
 /data/data/com.termux/files/usr/include/arm-linux-androideabi
 /data/data/com.termux/files/usr/include
End of search list.
 "/data/data/com.termux/files/usr/bin/ld.lld" --sysroot=/data/data/com.termux/files -EL -z now -z relro -z max-page-size=4096 -X --hash-style=gnu -rpath=/data/data/com.termux/files/usr/lib --eh-frame-hdr -m armelf_linux_eabi -pie -dynamic-linker /system/bin/linker -o conftest /data/data/com.termux/files/usr/lib/crtbegin_dynamic.o -L/data/data/com.termux/files/usr/lib -L/data/data/com.termux/files/usr/lib -L/system/lib -plugin-opt=mcpu=cortex-a15 -plugin-opt=O3 -plugin-opt=-emulated-tls -plugin-opt=-pass-remarks=missed-loop-vectorize -plugin-opt=-pass-remarks-analysis=loop-vectorize -z relro -z now /data/data/com.termux/files/usr/tmp/conftest-b18d00.o -lcurl -lcrypto -lssl -lz /data/data/com.termux/files/usr/lib/clang/19/lib/linux/libclang_rt.builtins-arm-android.a -l:libunwind.a -ldl -lc /data/data/com.termux/files/usr/lib/clang/19/lib/linux/libclang_rt.builtins-arm-android.a -l:libunwind.a -ldl /data/data/com.termux/files/usr/lib/crtend_android.o
configure:7524: $? = 0
configure:7541: result: yes
configure:7554: checking whether curl_free is declared
configure:7554: clang -c -Rpass=missed-loop-vectorize -Rpass-analysis=loop-vectorize -funroll-loops -finline-functions -O3 -ffinite-loops -ffast-math -D_REENTRANT -falign-functions=16 -fomit-frame-pointer -fpic -pthread -flto -fuse-ld=lld -fno-stack-protector -march=armv7-a -mcpu=cortex-a15 -mtune=cortex-a7 -mfpu=neon-vfpv4 -mllvm -enable-loop-distribute    -I/data/data/com.termux/files/usr/include conftest.c >&5
clang: warning: argument unused during compilation: '-fuse-ld=lld' [-Wunused-command-line-argument]
configure:7554: $? = 0
configure:7554: result: yes
configure:7827: checking that generated files are newer than configure
configure:7833: result: done
configure:7908: creating ./config.status

## ---------------------- ##
## Running config.status. ##
## ---------------------- ##

This file was extended by ccminer_CPU config.status 3.8.3-4, which was
generated by GNU Autoconf 2.72.  Invocation command line was

  CONFIG_FILES    = 
  CONFIG_HEADERS  = 
  CONFIG_LINKS    = 
  CONFIG_COMMANDS = 
  $ ./config.status 

on localhost

config.status:972: creating Makefile
config.status:972: creating compat/Makefile
config.status:972: creating compat/jansson/Makefile
config.status:972: creating ccminer-config.h
config.status:1201: executing depfiles commands
config.status:1276: cd .       && sed -e '/# am--include-marker/d' Makefile         | make -f - am--depfiles
config.status:1283: $? = 0
config.status:1276: cd compat/jansson       && sed -e '/# am--include-marker/d' Makefile         | make -f - am--depfiles
config.status:1283: $? = 0

## ---------------- ##
## Cache variables. ##
## ---------------- ##

ac_cv_build='armv7l-unknown-linux-gnueabi'
ac_cv_c_compiler_gnu='yes'
ac_cv_c_undeclared_builtin_options='none needed'
ac_cv_cxx_compiler_gnu='yes'
ac_cv_env_CCASFLAGS_set=''
ac_cv_env_CCASFLAGS_value=''
ac_cv_env_CCAS_set=''
ac_cv_env_CCAS_value=''
ac_cv_env_CCC_set=''
ac_cv_env_CCC_value=''
ac_cv_env_CC_set='set'
ac_cv_env_CC_value='clang'
ac_cv_env_CFLAGS_set='set'
ac_cv_env_CFLAGS_value='-Rpass=missed-loop-vectorize -Rpass-analysis=loop-vectorize -funroll-loops -finline-functions -O3 -ffinite-loops -ffast-math -D_REENTRANT -falign-functions=16 -fomit-frame-pointer -fpic -pthread -flto -fuse-ld=lld -fno-stack-protector -march=armv7-a -mcpu=cortex-a15 -mtune=cortex-a7 -mfpu=neon-vfpv4 -mllvm -enable-loop-distribute'
ac_cv_env_CPPFLAGS_set=''
ac_cv_env_CPPFLAGS_value=''
ac_cv_env_CPP_set=''
ac_cv_env_CPP_value=''
ac_cv_env_CXXFLAGS_set='set'
ac_cv_env_CXXFLAGS_value='-Rpass=missed-loop-vectorize -Rpass-analysis=loop-vectorize -funroll-loops -finline-functions -O3 -ffinite-loops -ffast-math -D_REENTRANT -falign-functions=16 -fomit-frame-pointer -fpic -pthread -flto -fuse-ld=lld -fno-stack-protector -march=armv7-a -mcpu=cortex-a15 -mtune=cortex-a7 -mfpu=neon-vfpv4 -mllvm -enable-loop-distribute'
ac_cv_env_CXX_set='set'
ac_cv_env_CXX_value='clang++'
ac_cv_env_LDFLAGS_set='set'
ac_cv_env_LDFLAGS_value='-v -flto -Wl,-z,relro,-z,now'
ac_cv_env_LIBS_set=''
ac_cv_env_LIBS_value=''
ac_cv_env_build_alias_set=''
ac_cv_env_build_alias_value=''
ac_cv_env_host_alias_set='set'
ac_cv_env_host_alias_value='armv7a-linux-android24'
ac_cv_env_target_alias_set=''
ac_cv_env_target_alias_value=''
ac_cv_func_alloca_works='yes'
ac_cv_func_getopt_long='yes'
ac_cv_have_decl_be32dec='no'
ac_cv_have_decl_be32enc='no'
ac_cv_have_decl_curl_free='yes'
ac_cv_have_decl_le32dec='no'
ac_cv_have_decl_le32enc='no'
ac_cv_header_inttypes_h='yes'
ac_cv_header_stdint_h='yes'
ac_cv_header_stdio_h='yes'
ac_cv_header_stdlib_h='yes'
ac_cv_header_string_h='yes'
ac_cv_header_strings_h='yes'
ac_cv_header_sys_endian_h='yes'
ac_cv_header_sys_param_h='yes'
ac_cv_header_sys_stat_h='yes'
ac_cv_header_sys_sysctl_h='no'
ac_cv_header_sys_types_h='yes'
ac_cv_header_syslog_h='yes'
ac_cv_header_unistd_h='yes'
ac_cv_host='armv7a-unknown-linux-android24'
ac_cv_lib_crypto_EVP_DigestFinal_ex='yes'
ac_cv_lib_jansson_json_loads='yes'
ac_cv_lib_pthread_pthread_create='yes'
ac_cv_lib_ssl_SSL_free='yes'
ac_cv_lib_z_gzopen='yes'
ac_cv_objext='o'
ac_cv_path_EGREP='/data/data/com.termux/files/usr/bin/grep -E'
ac_cv_path_EGREP_TRADITIONAL='/data/data/com.termux/files/usr/bin/grep -E'
ac_cv_path_GREP='/data/data/com.termux/files/usr/bin/grep'
ac_cv_path__libcurl_config='/data/data/com.termux/files/usr/bin/curl-config'
ac_cv_path_install='/data/data/com.termux/files/usr/bin/install -c'
ac_cv_path_mkdir='/data/data/com.termux/files/usr/bin/mkdir'
ac_cv_prog_AWK='gawk'
ac_cv_prog_CC='clang'
ac_cv_prog_CPP='clang -E'
ac_cv_prog_ac_ct_RANLIB='ranlib'
ac_cv_prog_ac_ct_STRIP='strip'
ac_cv_prog_c_openmp='-fopenmp'
ac_cv_prog_cc_c11=''
ac_cv_prog_cc_g='yes'
ac_cv_prog_cc_stdc=''
ac_cv_prog_cxx_cxx11='no'
ac_cv_prog_cxx_cxx98='no'
ac_cv_prog_cxx_g='yes'
ac_cv_prog_make_make_set='yes'
ac_cv_target='armv7a-unknown-linux-android24'
ac_cv_type_size_t='yes'
ac_cv_working_alloca_h='yes'
am_cv_CCAS_dependencies_compiler_type='gcc3'
am_cv_CC_dependencies_compiler_type='gcc3'
am_cv_CXX_dependencies_compiler_type='gcc3'
am_cv_filesystem_timestamp_resolution='0.01'
am_cv_make_support_nested_variables='yes'
am_cv_prog_cc_c_o='yes'
am_cv_sleep_fractional_seconds='yes'
am_cv_xargs_n_works='yes'
libcurl_cv_lib_curl_usable='yes'
libcurl_cv_lib_curl_version='8.12.1'
libcurl_cv_lib_version_ok='yes'

## ----------------- ##
## Output variables. ##
## ----------------- ##

ACLOCAL='${SHELL} '\''/data/data/com.termux/files/home/ccminer/missing'\'' aclocal-1.17'
ALLOCA=''
AMDEPBACKSLASH='\'
AMDEP_FALSE='#'
AMDEP_TRUE=''
AMTAR='$${TAR-tar}'
AM_BACKSLASH='\'
AM_DEFAULT_V='$(AM_DEFAULT_VERBOSITY)'
AM_DEFAULT_VERBOSITY='1'
AM_V='$(V)'
ARCH_x86_64_FALSE=''
ARCH_x86_64_TRUE='#'
ARCH_x86_FALSE=''
ARCH_x86_TRUE='#'
AUTOCONF='${SHELL} '\''/data/data/com.termux/files/home/ccminer/missing'\'' autoconf'
AUTOHEADER='${SHELL} '\''/data/data/com.termux/files/home/ccminer/missing'\'' autoheader'
AUTOMAKE='${SHELL} '\''/data/data/com.termux/files/home/ccminer/missing'\'' automake-1.17'
AWK='gawk'
CC='clang'
CCAS='clang'
CCASDEPMODE='depmode=gcc3'
CCASFLAGS='-Rpass=missed-loop-vectorize -Rpass-analysis=loop-vectorize -funroll-loops -finline-functions -O3 -ffinite-loops -ffast-math -D_REENTRANT -falign-functions=16 -fomit-frame-pointer -fpic -pthread -flto -fuse-ld=lld -fno-stack-protector -march=armv7-a -mcpu=cortex-a15 -mtune=cortex-a7 -mfpu=neon-vfpv4 -mllvm -enable-loop-distribute'
CCDEPMODE='depmode=gcc3'
CFLAGS='-Rpass=missed-loop-vectorize -Rpass-analysis=loop-vectorize -funroll-loops -finline-functions -O3 -ffinite-loops -ffast-math -D_REENTRANT -falign-functions=16 -fomit-frame-pointer -fpic -pthread -flto -fuse-ld=lld -fno-stack-protector -march=armv7-a -mcpu=cortex-a15 -mtune=cortex-a7 -mfpu=neon-vfpv4 -mllvm -enable-loop-distribute'
CPP='clang -E'
CPPFLAGS=''
CSCOPE='cscope'
CTAGS='ctags'
CUDA_CFLAGS=''
CUDA_INCLUDES='-I/usr/local/cuda/include'
CUDA_LDFLAGS='-L/usr/local/cuda/lib'
CUDA_LIBS='-lcudart -static-libstdc++'
CXX='clang++'
CXXDEPMODE='depmode=gcc3'
CXXFLAGS='-Rpass=missed-loop-vectorize -Rpass-analysis=loop-vectorize -funroll-loops -finline-functions -O3 -ffinite-loops -ffast-math -D_REENTRANT -falign-functions=16 -fomit-frame-pointer -fpic -pthread -flto -fuse-ld=lld -fno-stack-protector -march=armv7-a -mcpu=cortex-a15 -mtune=cortex-a7 -mfpu=neon-vfpv4 -mllvm -enable-loop-distribute'
CYGPATH_W='echo'
DEFS='-DHAVE_CONFIG_H'
DEPDIR='.deps'
ECHO_C=''
ECHO_N='-n'
ECHO_T=''
EGREP='/data/data/com.termux/files/usr/bin/grep -E'
ETAGS='etags'
EXEEXT=''
GREP='/data/data/com.termux/files/usr/bin/grep'
HAVE_ANDROID_FALSE='#'
HAVE_ANDROID_TRUE=''
HAVE_NVML_FALSE=''
HAVE_NVML_TRUE='#'
HAVE_OSX_FALSE=''
HAVE_OSX_TRUE='#'
HAVE_WINDOWS_FALSE=''
HAVE_WINDOWS_TRUE='#'
INSTALL_DATA='${INSTALL} -m 644'
INSTALL_PROGRAM='${INSTALL}'
INSTALL_SCRIPT='${INSTALL}'
INSTALL_STRIP_PROGRAM='$(install_sh) -c -s'
JANSSON_LIBS='-ljansson'
LDFLAGS='-v -flto -Wl,-z,relro,-z,now'
LIBCURL='-L/data/data/com.termux/files/usr/lib -lcurl'
LIBCURL_CPPFLAGS=' -I/data/data/com.termux/files/usr/include'
LIBOBJS=''
LIBS='-lcrypto -lssl -lz '
LTLIBOBJS=''
MAINT='#'
MAINTAINER_MODE_FALSE=''
MAINTAINER_MODE_TRUE='#'
MAKEINFO='${SHELL} '\''/data/data/com.termux/files/home/ccminer/missing'\'' makeinfo'
MKDIR_P='/data/data/com.termux/files/usr/bin/mkdir -p'
NVCC='nvcc'
NVML_LIBPATH=''
OBJEXT='o'
OPENMP_CFLAGS='-fopenmp'
PACKAGE='ccminer'
PACKAGE_BUGREPORT=''
PACKAGE_NAME='ccminer_CPU'
PACKAGE_STRING='ccminer_CPU 3.8.3-4'
PACKAGE_TARNAME='ccminer'
PACKAGE_URL='http://github.com/monkins1010/ccminer'
PACKAGE_VERSION='3.8.3-4'
PATH_SEPARATOR=':'
PTHREAD_FLAGS='-pthread'
PTHREAD_LIBS='-lpthread'
RANLIB='ranlib'
SET_MAKE=''
SHELL='/data/data/com.termux/files/usr/bin/sh'
STRIP='strip'
VERSION='3.8.3-4'
WANT_JANSSON_FALSE=''
WANT_JANSSON_TRUE='#'
WS2_LIBS=''
_libcurl_config=''
ac_ct_CC=''
ac_ct_CXX=''
am__EXEEXT_FALSE=''
am__EXEEXT_TRUE='#'
am__fastdepCCAS_FALSE='#'
am__fastdepCCAS_TRUE=''
am__fastdepCC_FALSE='#'
am__fastdepCC_TRUE=''
am__fastdepCXX_FALSE='#'
am__fastdepCXX_TRUE=''
am__include='include'
am__isrc=''
am__leading_dot='.'
am__nodep='_no'
am__quote=''
am__rm_f_notfound=''
am__tar='$${TAR-tar} chof - "$$tardir"'
am__untar='$${TAR-tar} xf -'
am__xargs_n='xargs -n'
bindir='${exec_prefix}/bin'
build='armv7l-unknown-linux-gnueabi'
build_alias=''
build_cpu='armv7l'
build_os='linux-gnueabi'
build_vendor='unknown'
datadir='${datarootdir}'
datarootdir='${prefix}/share'
docdir='${datarootdir}/doc/${PACKAGE_TARNAME}'
dvidir='${docdir}'
exec_prefix='${prefix}'
host='armv7a-unknown-linux-android24'
host_alias='armv7a-linux-android24'
host_cpu='armv7a'
host_os='linux-android24'
host_vendor='unknown'
htmldir='${docdir}'
includedir='${prefix}/include'
infodir='${datarootdir}/info'
install_sh='${SHELL} /data/data/com.termux/files/home/ccminer/install-sh'
libdir='${exec_prefix}/lib'
libexecdir='${exec_prefix}/libexec'
localedir='${datarootdir}/locale'
localstatedir='${prefix}/var'
mandir='${datarootdir}/man'
mkdir_p='$(MKDIR_P)'
oldincludedir='/usr/include'
pdfdir='${docdir}'
prefix='/usr/local'
program_transform_name='s,x,x,'
psdir='${docdir}'
runstatedir='${localstatedir}/run'
sbindir='${exec_prefix}/sbin'
sharedstatedir='${prefix}/com'
sysconfdir='${prefix}/etc'
target='armv7a-unknown-linux-android24'
target_alias=''
target_cpu='armv7a'
target_os='linux-android24'
target_vendor='unknown'

## ----------- ##
## confdefs.h. ##
## ----------- ##

/* confdefs.h */
#define PACKAGE_NAME "ccminer_CPU"
#define PACKAGE_TARNAME "ccminer"
#define PACKAGE_VERSION "3.8.3-4"
#define PACKAGE_STRING "ccminer_CPU 3.8.3-4"
#define PACKAGE_BUGREPORT ""
#define PACKAGE_URL "http://github.com/monkins1010/ccminer"
#define PACKAGE "ccminer"
#define VERSION "3.8.3-4"
#define HAVE_STDIO_H 1
#define HAVE_STDLIB_H 1
#define HAVE_STRING_H 1
#define HAVE_INTTYPES_H 1
#define HAVE_STDINT_H 1
#define HAVE_STRINGS_H 1
#define HAVE_SYS_STAT_H 1
#define HAVE_SYS_TYPES_H 1
#define HAVE_UNISTD_H 1
#define STDC_HEADERS 1
#define HAVE_SYS_ENDIAN_H 1
#define HAVE_SYS_PARAM_H 1
#define HAVE_SYSLOG_H 1
#define HAVE_DECL_BE32DEC 0
#define HAVE_DECL_LE32DEC 0
#define HAVE_DECL_BE32ENC 0
#define HAVE_DECL_LE32ENC 0
#define HAVE_ALLOCA_H 1
#define HAVE_ALLOCA 1
#define HAVE_GETOPT_LONG 1
#define HAVE_LIBZ 1
#define HAVE_LIBSSL 1
#define HAVE_LIBCRYPTO 1
#define HAVE_LIBCURL 1
#define LIBCURL_FEATURE_ALT_SVC 1
#define LIBCURL_FEATURE_ASYNCHDNS 1
#define LIBCURL_FEATURE_HSTS 1
#define LIBCURL_FEATURE_HTTP2 1
#define LIBCURL_FEATURE_HTTP3 1
#define LIBCURL_FEATURE_HTTPS_PROXY 1
#define LIBCURL_FEATURE_IPV6 1
#define LIBCURL_FEATURE_LARGEFILE 1
#define LIBCURL_FEATURE_LIBZ 1
#define LIBCURL_FEATURE_NTLM 1
#define LIBCURL_FEATURE_SSL 1
#define LIBCURL_FEATURE_THREADSAFE 1
#define LIBCURL_FEATURE_UNIXSOCKETS 1
#define LIBCURL_PROTOCOL_DICT 1
#define LIBCURL_PROTOCOL_FILE 1
#define LIBCURL_PROTOCOL_FTP 1
#define LIBCURL_PROTOCOL_FTPS 1
#define LIBCURL_PROTOCOL_GOPHER 1
#define LIBCURL_PROTOCOL_GOPHERS 1
#define LIBCURL_PROTOCOL_HTTP 1
#define LIBCURL_PROTOCOL_HTTPS 1
#define LIBCURL_PROTOCOL_IMAP 1
#define LIBCURL_PROTOCOL_IMAPS 1
#define LIBCURL_PROTOCOL_IPFS 1
#define LIBCURL_PROTOCOL_IPNS 1
#define LIBCURL_PROTOCOL_MQTT 1
#define LIBCURL_PROTOCOL_POP3 1
#define LIBCURL_PROTOCOL_POP3S 1
#define LIBCURL_PROTOCOL_RTSP 1
#define LIBCURL_PROTOCOL_SCP 1
#define LIBCURL_PROTOCOL_SFTP 1
#define LIBCURL_PROTOCOL_SMB 1
#define LIBCURL_PROTOCOL_SMBS 1
#define LIBCURL_PROTOCOL_SMTP 1
#define LIBCURL_PROTOCOL_SMTPS 1
#define LIBCURL_PROTOCOL_TELNET 1
#define LIBCURL_PROTOCOL_TFTP 1
#define LIBCURL_PROTOCOL_WS 1
#define LIBCURL_PROTOCOL_WSS 1

configure: exit 0
